[2017-10-26 09:11:08,322] [INFO] "GET /admin/ HTTP/1.0" 302 0
[2017-10-26 09:11:08,388] [INFO] "GET /admin/login/?next=/admin/ HTTP/1.0" 200 1650
[2017-10-26 09:11:08,435] [INFO] "GET /static/admin/css/base.css HTTP/1.0" 200 16066
[2017-10-26 09:11:08,440] [INFO] "GET /static/admin/css/login.css HTTP/1.0" 200 1203
[2017-10-26 09:11:08,514] [INFO] "GET /static/admin/css/fonts.css HTTP/1.0" 200 423
[2017-10-26 09:11:08,566] [INFO] "GET /static/admin/fonts/Roboto-Regular-webfont.woff HTTP/1.0" 200 80304
[2017-10-26 09:11:08,584] [INFO] "GET /static/admin/fonts/Roboto-Light-webfont.woff HTTP/1.0" 200 81348
[2017-10-26 09:11:08,635] [WARNING] Not Found: /favicon.ico
[2017-10-26 09:11:08,636] [WARNING] "GET /favicon.ico HTTP/1.0" 404 2216
[2017-10-26 09:11:13,960] [INFO] "POST /admin/login/?next=/admin/ HTTP/1.0" 302 0
[2017-10-26 09:11:14,036] [INFO] "GET /admin/ HTTP/1.0" 200 5785
[2017-10-26 09:11:14,084] [INFO] "GET /static/admin/css/dashboard.css HTTP/1.0" 200 412
[2017-10-26 09:11:14,142] [INFO] "GET /static/admin/fonts/Roboto-Bold-webfont.woff HTTP/1.0" 200 82564
[2017-10-26 09:11:14,147] [INFO] "GET /static/admin/img/icon-addlink.svg HTTP/1.0" 200 331
[2017-10-26 09:11:14,158] [INFO] "GET /static/admin/img/icon-changelink.svg HTTP/1.0" 200 380
[2017-10-26 09:12:22,911] [INFO] "GET /admin/app/appconfig/add/ HTTP/1.0" 200 6329
[2017-10-26 09:12:22,966] [INFO] "GET /static/admin/css/forms.css HTTP/1.0" 200 8173
[2017-10-26 09:12:23,010] [INFO] "GET /static/admin/js/core.js HTTP/1.0" 200 7976
[2017-10-26 09:12:23,013] [INFO] "GET /static/admin/js/vendor/jquery/jquery.js HTTP/1.0" 200 258648
[2017-10-26 09:12:23,019] [INFO] "GET /static/admin/js/jquery.init.js HTTP/1.0" 200 363
[2017-10-26 09:12:23,022] [INFO] "GET /admin/jsi18n/ HTTP/1.0" 200 3217
[2017-10-26 09:12:23,022] [INFO] "GET /static/admin/js/admin/RelatedObjectLookups.js HTTP/1.0" 200 6591
[2017-10-26 09:12:23,023] [INFO] "GET /static/admin/js/actions.js HTTP/1.0" 200 6501
[2017-10-26 09:12:23,051] [INFO] "GET /static/admin/css/widgets.css HTTP/1.0" 200 10340
[2017-10-26 09:12:23,061] [INFO] "GET /static/admin/js/urlify.js HTTP/1.0" 200 8186
[2017-10-26 09:12:23,063] [INFO] "GET /static/admin/js/prepopulate.js HTTP/1.0" 200 1538
[2017-10-26 09:12:23,070] [INFO] "GET /static/admin/js/vendor/xregexp/xregexp.js HTTP/1.0" 200 128820
[2017-10-26 09:12:23,073] [INFO] "GET /static/admin/js/change_form.js HTTP/1.0" 200 712
[2017-10-26 09:12:23,092] [INFO] "GET /static/admin/js/prepopulate_init.js HTTP/1.0" 200 495
[2017-10-26 09:13:29,414] [INFO] "POST /admin/app/appconfig/add/ HTTP/1.0" 200 6614
[2017-10-26 09:13:29,483] [INFO] "GET /admin/jsi18n/ HTTP/1.0" 200 3217
[2017-10-26 09:13:35,923] [INFO] "POST /admin/app/appconfig/add/ HTTP/1.0" 302 0
[2017-10-26 09:13:36,015] [INFO] "GET /admin/app/appconfig/ HTTP/1.0" 200 4396
[2017-10-26 09:13:36,067] [INFO] "GET /static/admin/css/changelists.css HTTP/1.0" 200 6170
[2017-10-26 09:13:36,120] [INFO] "GET /admin/jsi18n/ HTTP/1.0" 200 3217
[2017-10-26 09:13:36,182] [INFO] "GET /static/admin/img/icon-yes.svg HTTP/1.0" 200 436
[2017-10-26 09:13:36,200] [INFO] "GET /static/admin/img/tooltag-add.svg HTTP/1.0" 200 331
[2017-10-26 09:13:41,196] [INFO] "GET /admin/app/ HTTP/1.0" 200 4562
[2017-10-26 09:13:45,146] [INFO] "GET /admin/app/banner/add/ HTTP/1.0" 200 7353
[2017-10-26 09:13:45,212] [INFO] "GET /admin/jsi18n/ HTTP/1.0" 200 3217
[2017-10-26 09:14:19,050] [INFO] "GET /admin/app/goods/add/?_to_field=id&_popup=1 HTTP/1.0" 200 9604
[2017-10-26 09:14:19,115] [INFO] "GET /admin/jsi18n/ HTTP/1.0" 200 3217
[2017-10-26 09:14:22,545] [INFO] "GET /admin/app/category/add/?_to_field=id&_popup=1 HTTP/1.0" 200 4883
[2017-10-26 09:14:22,609] [INFO] "GET /admin/jsi18n/ HTTP/1.0" 200 3217
[2017-10-26 09:14:45,748] [INFO] "POST /admin/app/category/add/?_to_field=id&_popup=1 HTTP/1.0" 200 370
[2017-10-26 09:14:45,802] [INFO] "GET /static/admin/js/popup_response.js HTTP/1.0" 200 569
[2017-10-26 09:15:41,192] [INFO] "POST /admin/app/goods/add/?_to_field=id&_popup=1 HTTP/1.0" 200 367
[2017-10-26 09:15:59,042] [INFO] "POST /admin/app/banner/add/ HTTP/1.0" 302 0
[2017-10-26 09:15:59,133] [INFO] "GET /admin/app/banner/ HTTP/1.0" 200 4346
[2017-10-26 09:15:59,202] [INFO] "GET /admin/jsi18n/ HTTP/1.0" 200 3217
[2017-10-26 09:16:05,499] [INFO] "GET /admin/app/banner/add/ HTTP/1.0" 200 7396
[2017-10-26 09:16:07,256] [INFO] "GET /admin/app/ HTTP/1.0" 200 4562
[2017-10-26 09:16:11,257] [INFO] "GET /admin/app/goods/add/ HTTP/1.0" 200 10589
[2017-10-26 09:16:11,326] [INFO] "GET /admin/jsi18n/ HTTP/1.0" 200 3217
[2017-10-26 09:16:46,895] [INFO] "POST /admin/app/goods/add/ HTTP/1.0" 302 0
[2017-10-26 09:16:46,986] [INFO] "GET /admin/app/goods/ HTTP/1.0" 200 4556
[2017-10-26 09:16:47,053] [INFO] "GET /admin/jsi18n/ HTTP/1.0" 200 3217
[2017-10-26 09:16:49,199] [INFO] "GET /admin/app/goods/add/ HTTP/1.0" 200 10589
[2017-10-26 09:16:50,173] [INFO] "GET /admin/app/ HTTP/1.0" 200 4562
[2017-10-26 09:16:56,549] [INFO] "GET /admin/app/picture/ HTTP/1.0" 200 3034
[2017-10-26 09:16:56,617] [INFO] "GET /admin/jsi18n/ HTTP/1.0" 200 3217
[2017-10-26 09:17:00,802] [INFO] "GET /admin/app/picture/add/ HTTP/1.0" 200 5397
[2017-10-26 09:17:00,870] [INFO] "GET /admin/jsi18n/ HTTP/1.0" 200 3217
[2017-10-26 09:17:07,940] [INFO] "GET /admin/app/picture/ HTTP/1.0" 200 3034
[2017-10-26 09:17:09,440] [INFO] "GET /admin/app/ HTTP/1.0" 200 4562
[2017-10-26 09:23:39,558] [INFO] "GET /admin/app/picture/ HTTP/1.0" 200 4855
[2017-10-26 09:23:39,625] [INFO] "GET /admin/jsi18n/ HTTP/1.0" 200 3217
[2017-10-26 09:23:41,187] [INFO] "GET /admin/app/picture/4/change/ HTTP/1.0" 200 5718
[2017-10-26 09:23:41,253] [INFO] "GET /admin/jsi18n/ HTTP/1.0" 200 3217
[2017-10-26 09:23:44,463] [INFO] "GET /admin/app/picture/ HTTP/1.0" 200 4855
[2017-10-26 09:23:46,004] [INFO] "GET /admin/app/ HTTP/1.0" 200 4562
[2017-10-26 09:27:47,601] [INFO] "GET /app/config/get-value?key=mallName HTTP/1.0" 200 220
[2017-10-26 09:27:48,009] [INFO] code: 011BE8N514nEzN1pPbO51VhRM51BE8Nj
[2017-10-26 09:27:48,009] [INFO] ::https://api.weixin.qq.com/sns/jscode2session
[2017-10-26 09:27:48,010] [INFO] https://api.weixin.qq.com/sns/jscode2session?js_code=011BE8N514nEzN1pPbO51VhRM51BE8Nj&secret=fc6f380d593ed767a0e0c5d502521c41&grant_type=authorization_code&appid=wxa2532532adec3585
[2017-10-26 09:27:48,167] [INFO] {u'openid': u'oNXb00PmRdwTWrJ1LoBrLN5TAJAk', u'session_key': u'zouXk1kfMEA0imuk7Zovyg==', u'expires_in': 7200}
[2017-10-26 09:27:48,167] [INFO] {u'openid': u'oNXb00PmRdwTWrJ1LoBrLN5TAJAk', u'session_key': u'zouXk1kfMEA0imuk7Zovyg==', u'expires_in': 7200}
[2017-10-26 09:27:48,170] [INFO] "GET /app/user/wxapp/login?code=011BE8N514nEzN1pPbO51VhRM51BE8Nj HTTP/1.0" 200 68
[2017-10-26 09:27:48,637] [INFO] ::https://api.weixin.qq.com/sns/jscode2session
[2017-10-26 09:27:48,638] [INFO] https://api.weixin.qq.com/sns/jscode2session?js_code=001rdFVA03PDUd2l1KUA0CxZVA0rdFVw&secret=fc6f380d593ed767a0e0c5d502521c41&grant_type=authorization_code&appid=wxa2532532adec3585
[2017-10-26 09:27:48,818] [INFO] {u'openid': u'oNXb00PmRdwTWrJ1LoBrLN5TAJAk', u'session_key': u'zouXk1kfMEA0imuk7Zovyg==', u'expires_in': 7200}
[2017-10-26 09:27:48,823] [INFO] "GET /app/user/wxapp/register/complex?code=001rdFVA03PDUd2l1KUA0CxZVA0rdFVw&encryptedData=qOnFDHgSziOGt76ifO8kmicCnYNxRijeqidTF8%2FuaROG%2FcLCY6g9ezOZvHvIjGrrnJ%2BDpq6Y2Ek4IPvyp9GXOYH6rMux%2BB30Q15D45Opk%2B54Gd9MMaZPkvOIdVeWvMEwLkHJhVZA28MWWmakLAhtBsyzavU9WAVFxyWbPKoGZPXw47wu1RSfQ6OfSfpUHtzPRr2VAAi3Ac9t1rQ%2BNAUeFJeG5tHB%2FJdkcbt7sKZ0n3p%2FGePSHAgCLTJYrGi%2FcfXu%2BU3iiTDkI8kgfI8gm0EfxVLjusHAybHvOFV8I3BA6KF%2BdTiQrIdIi8r4YCSxYIqkSv7gBkGEvlxotG6sc4%2B68LnwNaL1DraClMG4rLdoG%2Bl%2FHyVRhfLr9rQvTCEym5e%2B%2BTgGaVxz8Ja1aTklg3w1sox0Pv5ldRkeah3tnv%2FTzgr4b8AIoZgiOzIIgOtKdsipElnInPcGYUdmXIWcjWenoA%3D%3D&iv=O4NcHMi%2B400a9wzlxYq0oQ%3D%3D HTTP/1.0" 200 29
[2017-10-26 09:27:49,444] [INFO] code: 021HTyYi2Gvl0F0TrFXi2ciyYi2HTyYj
[2017-10-26 09:27:49,444] [INFO] ::https://api.weixin.qq.com/sns/jscode2session
[2017-10-26 09:27:49,444] [INFO] https://api.weixin.qq.com/sns/jscode2session?js_code=021HTyYi2Gvl0F0TrFXi2ciyYi2HTyYj&secret=fc6f380d593ed767a0e0c5d502521c41&grant_type=authorization_code&appid=wxa2532532adec3585
[2017-10-26 09:27:49,573] [INFO] {u'openid': u'oNXb00PmRdwTWrJ1LoBrLN5TAJAk', u'session_key': u'zouXk1kfMEA0imuk7Zovyg==', u'expires_in': 7200}
[2017-10-26 09:27:49,574] [INFO] {u'openid': u'oNXb00PmRdwTWrJ1LoBrLN5TAJAk', u'session_key': u'zouXk1kfMEA0imuk7Zovyg==', u'expires_in': 7200}
[2017-10-26 09:27:49,580] [INFO] "GET /app/user/wxapp/login?code=021HTyYi2Gvl0F0TrFXi2ciyYi2HTyYj HTTP/1.0" 200 278
[2017-10-26 09:27:50,287] [INFO] "GET /app/banner/list?key=mallName HTTP/1.0" 200 335
[2017-10-26 09:27:50,319] [INFO] "GET /app/shop/goods/category/all HTTP/1.0" 200 213
[2017-10-26 09:27:50,377] [INFO] "GET /app/shop/goods/list?categoryId= HTTP/1.0" 200 1029
[2017-10-26 09:27:50,413] [INFO] "GET /media/img/b.jpg HTTP/1.0" 200 44431
[2017-10-26 09:27:50,468] [INFO] "GET /media/img/a.jpg HTTP/1.0" 200 21494
[2017-10-26 09:28:24,793] [WARNING] Not Found: /app/shop/goods/detail
[2017-10-26 09:28:24,794] [WARNING] "GET /app/shop/goods/detail?id=1 HTTP/1.0" 404 5267
[2017-10-26 09:28:49,846] [WARNING] Not Found: /app/shop/goods/detail
[2017-10-26 09:28:49,846] [WARNING] "GET /app/shop/goods/detail?id=1 HTTP/1.0" 404 5267
[2017-10-26 09:28:51,881] [WARNING] Not Found: /app/shop/goods/detail
[2017-10-26 09:28:51,882] [WARNING] "GET /app/shop/goods/detail?id=2 HTTP/1.0" 404 5267
[2017-10-26 09:29:21,463] [WARNING] Not Found: /app/shop/goods/detail
[2017-10-26 09:29:21,463] [WARNING] "GET /app/shop/goods/detail?id=1 HTTP/1.0" 404 5267
[2017-10-26 09:30:51,518] [INFO] "GET /app/shop/goods/detail?id=1 HTTP/1.0" 200 1018
[2017-10-26 09:30:55,327] [INFO] "GET /app/shop/goods/detail?id=1 HTTP/1.0" 200 1018
[2017-10-26 09:31:01,955] [INFO] "GET /app/shop/goods/detail?id=2 HTTP/1.0" 200 1172
[2017-10-26 09:31:16,532] [INFO] "GET /app/shop/goods/detail?id=1 HTTP/1.0" 200 1018
[2017-10-26 09:32:06,300] [INFO] "GET /app/shop/goods/detail?id=1 HTTP/1.0" 200 1018
[2017-10-26 09:32:08,484] [INFO] "GET /app/shop/goods/detail?id=1 HTTP/1.0" 200 1018
[2017-10-26 09:32:11,503] [INFO] "GET /app/shop/goods/detail?id=1 HTTP/1.0" 200 1018
[2017-10-26 09:32:13,408] [INFO] "GET /app/shop/goods/detail?id=1 HTTP/1.0" 200 1018
[2017-10-26 09:32:16,459] [INFO] "GET /app/shop/goods/detail?id=2 HTTP/1.0" 200 1172
[2017-10-26 09:32:29,868] [INFO] "GET /app/shop/goods/detail?id=1 HTTP/1.0" 200 1018
[2017-10-26 09:32:47,407] [INFO] "GET /app/shop/goods/detail?id=2 HTTP/1.0" 200 1172
[2017-10-26 09:33:48,008] [INFO] "GET /admin/app/goods/ HTTP/1.0" 200 4375
[2017-10-26 09:33:48,076] [INFO] "GET /admin/jsi18n/ HTTP/1.0" 200 3217
[2017-10-26 09:33:49,359] [INFO] "GET /admin/app/goods/2/change/ HTTP/1.0" 200 10972
[2017-10-26 09:33:49,433] [INFO] "GET /admin/jsi18n/ HTTP/1.0" 200 3217
[2017-10-26 09:33:54,491] [INFO] "POST /admin/app/goods/2/change/ HTTP/1.0" 302 0
[2017-10-26 09:33:54,582] [INFO] "GET /admin/app/goods/ HTTP/1.0" 200 4558
[2017-10-26 09:33:54,649] [INFO] "GET /admin/jsi18n/ HTTP/1.0" 200 3217
[2017-10-26 09:33:56,091] [INFO] "GET /admin/app/goods/1/change/ HTTP/1.0" 200 10992
[2017-10-26 09:33:56,157] [INFO] "GET /admin/jsi18n/ HTTP/1.0" 200 3217
[2017-10-26 09:33:59,335] [INFO] "POST /admin/app/goods/1/change/ HTTP/1.0" 302 0
[2017-10-26 09:33:59,424] [INFO] "GET /admin/app/goods/ HTTP/1.0" 200 4558
[2017-10-26 09:33:59,492] [INFO] "GET /admin/jsi18n/ HTTP/1.0" 200 3217
[2017-10-26 09:34:15,589] [INFO] "GET /app/config/get-value?key=mallName HTTP/1.0" 200 220
[2017-10-26 09:34:15,782] [INFO] "GET /app/banner/list?key=mallName HTTP/1.0" 200 335
[2017-10-26 09:34:15,832] [INFO] "GET /app/shop/goods/category/all HTTP/1.0" 200 213
[2017-10-26 09:34:15,890] [INFO] "GET /app/shop/goods/list?categoryId= HTTP/1.0" 200 1029
[2017-10-26 09:34:15,966] [INFO] code: 001GTDaw17CJuc0RD5ew1m5Daw1GTDad
[2017-10-26 09:34:15,967] [INFO] ::https://api.weixin.qq.com/sns/jscode2session
[2017-10-26 09:34:15,967] [INFO] https://api.weixin.qq.com/sns/jscode2session?js_code=001GTDaw17CJuc0RD5ew1m5Daw1GTDad&secret=fc6f380d593ed767a0e0c5d502521c41&grant_type=authorization_code&appid=wxa2532532adec3585
[2017-10-26 09:34:16,108] [INFO] {u'openid': u'oNXb00PmRdwTWrJ1LoBrLN5TAJAk', u'session_key': u'r38D24fFxsl3ozvsodiLGA==', u'expires_in': 7200}
[2017-10-26 09:34:16,109] [INFO] {u'openid': u'oNXb00PmRdwTWrJ1LoBrLN5TAJAk', u'session_key': u'r38D24fFxsl3ozvsodiLGA==', u'expires_in': 7200}
[2017-10-26 09:34:16,111] [INFO] "GET /app/user/wxapp/login?code=001GTDaw17CJuc0RD5ew1m5Daw1GTDad HTTP/1.0" 200 278
[2017-10-26 09:35:40,498] [INFO] "GET /app/config/get-value?key=mallName HTTP/1.0" 200 220
[2017-10-26 09:35:40,709] [INFO] "GET /app/banner/list?key=mallName HTTP/1.0" 200 335
[2017-10-26 09:35:40,765] [INFO] "GET /app/shop/goods/category/all HTTP/1.0" 200 213
[2017-10-26 09:35:40,822] [INFO] "GET /app/shop/goods/list?categoryId= HTTP/1.0" 200 1029
[2017-10-26 09:35:40,919] [INFO] code: 081Iu1j21U25vM1OHpm21Uv3j21Iu1ja
[2017-10-26 09:35:40,920] [INFO] ::https://api.weixin.qq.com/sns/jscode2session
[2017-10-26 09:35:40,920] [INFO] https://api.weixin.qq.com/sns/jscode2session?js_code=081Iu1j21U25vM1OHpm21Uv3j21Iu1ja&secret=fc6f380d593ed767a0e0c5d502521c41&grant_type=authorization_code&appid=wxa2532532adec3585
[2017-10-26 09:35:41,056] [INFO] {u'openid': u'oNXb00PmRdwTWrJ1LoBrLN5TAJAk', u'session_key': u'r38D24fFxsl3ozvsodiLGA==', u'expires_in': 7200}
[2017-10-26 09:35:41,056] [INFO] {u'openid': u'oNXb00PmRdwTWrJ1LoBrLN5TAJAk', u'session_key': u'r38D24fFxsl3ozvsodiLGA==', u'expires_in': 7200}
[2017-10-26 09:35:41,059] [INFO] "GET /app/user/wxapp/login?code=081Iu1j21U25vM1OHpm21Uv3j21Iu1ja HTTP/1.0" 200 278
[2017-10-26 09:35:57,462] [INFO] "GET /app/config/get-value?key=mallName HTTP/1.0" 200 220
[2017-10-26 09:35:57,786] [INFO] "GET /app/banner/list?key=mallName HTTP/1.0" 200 335
[2017-10-26 09:35:57,818] [INFO] "GET /app/shop/goods/category/all HTTP/1.0" 200 213
[2017-10-26 09:35:57,869] [INFO] code: 081rI7s41qmLVO1XvAt41dQ6s41rI7sa
[2017-10-26 09:35:57,869] [INFO] ::https://api.weixin.qq.com/sns/jscode2session
[2017-10-26 09:35:57,869] [INFO] https://api.weixin.qq.com/sns/jscode2session?js_code=081rI7s41qmLVO1XvAt41dQ6s41rI7sa&secret=fc6f380d593ed767a0e0c5d502521c41&grant_type=authorization_code&appid=wxa2532532adec3585
[2017-10-26 09:35:57,891] [INFO] "GET /app/shop/goods/list?categoryId= HTTP/1.0" 200 1029
[2017-10-26 09:35:57,939] [INFO] "GET /media/img/b.jpg HTTP/1.0" 200 44431
[2017-10-26 09:35:57,989] [INFO] "GET /media/img/a.jpg HTTP/1.0" 200 21494
[2017-10-26 09:35:57,996] [INFO] {u'openid': u'oNXb00PmRdwTWrJ1LoBrLN5TAJAk', u'session_key': u'nTHPzT0LHhLqE/xWN9WwMA==', u'expires_in': 7200}
[2017-10-26 09:35:57,996] [INFO] {u'openid': u'oNXb00PmRdwTWrJ1LoBrLN5TAJAk', u'session_key': u'nTHPzT0LHhLqE/xWN9WwMA==', u'expires_in': 7200}
[2017-10-26 09:35:57,999] [INFO] "GET /app/user/wxapp/login?code=081rI7s41qmLVO1XvAt41dQ6s41rI7sa HTTP/1.0" 200 278
[2017-10-26 09:36:09,599] [INFO] "GET /app/shop/goods/detail?id=1 HTTP/1.0" 200 1018
[2017-10-26 09:36:25,754] [INFO] "GET /app/shop/goods/detail?id=2 HTTP/1.0" 200 1172
[2017-10-26 09:39:47,316] [INFO] "GET /app/config/get-value?key=mallName HTTP/1.0" 200 220
[2017-10-26 09:39:47,469] [INFO] "GET /app/banner/list?key=mallName HTTP/1.0" 200 335
[2017-10-26 09:39:47,514] [INFO] "GET /app/shop/goods/category/all HTTP/1.0" 200 213
[2017-10-26 09:39:47,575] [INFO] "GET /app/shop/goods/list?categoryId= HTTP/1.0" 200 1029
[2017-10-26 09:39:47,640] [INFO] code: 021d0D4120DEp11eqy212Tqy412d0D4L
[2017-10-26 09:39:47,640] [INFO] ::https://api.weixin.qq.com/sns/jscode2session
[2017-10-26 09:39:47,640] [INFO] https://api.weixin.qq.com/sns/jscode2session?js_code=021d0D4120DEp11eqy212Tqy412d0D4L&secret=fc6f380d593ed767a0e0c5d502521c41&grant_type=authorization_code&appid=wxa2532532adec3585
[2017-10-26 09:39:47,790] [INFO] {u'openid': u'oNXb00PmRdwTWrJ1LoBrLN5TAJAk', u'session_key': u'tql6J+JVFc1WVKvhycGd0w==', u'expires_in': 7200}
[2017-10-26 09:39:47,790] [INFO] {u'openid': u'oNXb00PmRdwTWrJ1LoBrLN5TAJAk', u'session_key': u'tql6J+JVFc1WVKvhycGd0w==', u'expires_in': 7200}
[2017-10-26 09:39:47,793] [INFO] "GET /app/user/wxapp/login?code=021d0D4120DEp11eqy212Tqy412d0D4L HTTP/1.0" 200 278
[2017-10-26 09:40:32,532] [INFO] "GET /app/config/get-value?key=mallName HTTP/1.0" 200 220
[2017-10-26 09:40:32,915] [INFO] "GET /app/banner/list?key=mallName HTTP/1.0" 200 335
[2017-10-26 09:40:32,955] [INFO] "GET /app/shop/goods/category/all HTTP/1.0" 200 213
[2017-10-26 09:40:33,041] [INFO] "GET /app/shop/goods/list?categoryId= HTTP/1.0" 200 1029
[2017-10-26 09:40:33,088] [INFO] code: 061oHl2O1fWPo51bVp2O17rt2O1oHl2x
[2017-10-26 09:40:33,088] [INFO] ::https://api.weixin.qq.com/sns/jscode2session
[2017-10-26 09:40:33,088] [INFO] https://api.weixin.qq.com/sns/jscode2session?js_code=061oHl2O1fWPo51bVp2O17rt2O1oHl2x&secret=fc6f380d593ed767a0e0c5d502521c41&grant_type=authorization_code&appid=wxa2532532adec3585
[2017-10-26 09:40:33,096] [INFO] "GET /media/img/b.jpg HTTP/1.0" 200 44431
[2017-10-26 09:40:33,143] [INFO] "GET /media/img/a.jpg HTTP/1.0" 200 21494
[2017-10-26 09:40:33,250] [INFO] {u'openid': u'oNXb00PmRdwTWrJ1LoBrLN5TAJAk', u'session_key': u'FqMDsyAtKCIwASpQpNIS0Q==', u'expires_in': 7200}
[2017-10-26 09:40:33,251] [INFO] {u'openid': u'oNXb00PmRdwTWrJ1LoBrLN5TAJAk', u'session_key': u'FqMDsyAtKCIwASpQpNIS0Q==', u'expires_in': 7200}
[2017-10-26 09:40:33,253] [INFO] "GET /app/user/wxapp/login?code=061oHl2O1fWPo51bVp2O17rt2O1oHl2x HTTP/1.0" 200 278
[2017-10-26 09:43:15,576] [INFO] "GET /app/config/get-value?key=mallName HTTP/1.0" 200 220
[2017-10-26 09:43:15,823] [INFO] "GET /app/banner/list?key=mallName HTTP/1.0" 200 335
[2017-10-26 09:43:15,864] [INFO] "GET /app/shop/goods/category/all HTTP/1.0" 200 213
[2017-10-26 09:43:15,895] [INFO] code: 061OTXpD0xTUXf2wVgrD0xo1qD0OTXpR
[2017-10-26 09:43:15,895] [INFO] ::https://api.weixin.qq.com/sns/jscode2session
[2017-10-26 09:43:15,895] [INFO] https://api.weixin.qq.com/sns/jscode2session?js_code=061OTXpD0xTUXf2wVgrD0xo1qD0OTXpR&secret=fc6f380d593ed767a0e0c5d502521c41&grant_type=authorization_code&appid=wxa2532532adec3585
[2017-10-26 09:43:15,959] [INFO] "GET /app/shop/goods/list?categoryId= HTTP/1.0" 200 1029
[2017-10-26 09:43:16,072] [INFO] {u'openid': u'oNXb00PmRdwTWrJ1LoBrLN5TAJAk', u'session_key': u'UIlf6Fk9pQKA3xanuwDZ5g==', u'expires_in': 7200}
[2017-10-26 09:43:16,072] [INFO] {u'openid': u'oNXb00PmRdwTWrJ1LoBrLN5TAJAk', u'session_key': u'UIlf6Fk9pQKA3xanuwDZ5g==', u'expires_in': 7200}
[2017-10-26 09:43:16,076] [INFO] "GET /app/user/wxapp/login?code=061OTXpD0xTUXf2wVgrD0xo1qD0OTXpR HTTP/1.0" 200 278
[2017-10-26 09:43:16,964] [INFO] "GET /app/config/get-value?key=mallName HTTP/1.0" 200 220
[2017-10-26 09:43:17,332] [INFO] "GET /app/banner/list?key=mallName HTTP/1.0" 200 335
[2017-10-26 09:43:17,333] [INFO] "GET /app/shop/goods/category/all HTTP/1.0" 200 213
[2017-10-26 09:43:17,384] [INFO] code: 061q0mul0Pawhn156Oul0QPsul0q0mug
[2017-10-26 09:43:17,384] [INFO] ::https://api.weixin.qq.com/sns/jscode2session
[2017-10-26 09:43:17,385] [INFO] https://api.weixin.qq.com/sns/jscode2session?js_code=061q0mul0Pawhn156Oul0QPsul0q0mug&secret=fc6f380d593ed767a0e0c5d502521c41&grant_type=authorization_code&appid=wxa2532532adec3585
[2017-10-26 09:43:17,406] [INFO] "GET /app/shop/goods/list?categoryId= HTTP/1.0" 200 1029
[2017-10-26 09:43:17,517] [INFO] {u'openid': u'oNXb00PmRdwTWrJ1LoBrLN5TAJAk', u'session_key': u'UIlf6Fk9pQKA3xanuwDZ5g==', u'expires_in': 7200}
[2017-10-26 09:43:17,517] [INFO] {u'openid': u'oNXb00PmRdwTWrJ1LoBrLN5TAJAk', u'session_key': u'UIlf6Fk9pQKA3xanuwDZ5g==', u'expires_in': 7200}
[2017-10-26 09:43:17,519] [INFO] "GET /app/user/wxapp/login?code=061q0mul0Pawhn156Oul0QPsul0q0mug HTTP/1.0" 200 278
[2017-10-26 09:43:22,410] [INFO] "GET /app/config/get-value?key=mallName HTTP/1.0" 200 220
[2017-10-26 09:43:22,735] [INFO] "GET /app/banner/list?key=mallName HTTP/1.0" 200 335
[2017-10-26 09:43:22,752] [INFO] "GET /app/shop/goods/category/all HTTP/1.0" 200 213
[2017-10-26 09:43:22,832] [INFO] "GET /app/shop/goods/list?categoryId= HTTP/1.0" 200 1029
[2017-10-26 09:43:22,934] [INFO] code: 071Lrom921P6yO0i1Mn92VgFm92Lromu
[2017-10-26 09:43:22,935] [INFO] ::https://api.weixin.qq.com/sns/jscode2session
[2017-10-26 09:43:22,935] [INFO] https://api.weixin.qq.com/sns/jscode2session?js_code=071Lrom921P6yO0i1Mn92VgFm92Lromu&secret=fc6f380d593ed767a0e0c5d502521c41&grant_type=authorization_code&appid=wxa2532532adec3585
[2017-10-26 09:43:23,108] [INFO] {u'openid': u'oNXb00PmRdwTWrJ1LoBrLN5TAJAk', u'session_key': u'UIlf6Fk9pQKA3xanuwDZ5g==', u'expires_in': 7200}
[2017-10-26 09:43:23,109] [INFO] {u'openid': u'oNXb00PmRdwTWrJ1LoBrLN5TAJAk', u'session_key': u'UIlf6Fk9pQKA3xanuwDZ5g==', u'expires_in': 7200}
[2017-10-26 09:43:23,112] [INFO] "GET /app/user/wxapp/login?code=071Lrom921P6yO0i1Mn92VgFm92Lromu HTTP/1.0" 200 278
[2017-10-26 09:43:50,962] [ERROR] Internal Server Error: /app/user/shipping-address/add
Traceback (most recent call last):
  File "/usr/local/lib/python2.7/dist-packages/django/core/handlers/exception.py", line 41, in inner
    response = get_response(request)
  File "/usr/local/lib/python2.7/dist-packages/django/core/handlers/base.py", line 187, in _get_response
    response = self.process_exception_by_middleware(e, request)
  File "/usr/local/lib/python2.7/dist-packages/django/core/handlers/base.py", line 185, in _get_response
    response = wrapped_callback(request, *callback_args, **callback_kwargs)
  File "/home/leon/mall/app/views.py", line 319, in address_add
    return AddressManager(request,sub_domain).address_add()
TypeError: object() takes no parameters
[2017-10-26 09:43:51,087] [ERROR] "GET /app/user/shipping-address/add?token=undefined&id=0&provinceId=110000&cityId=110102&districtId=&linkMan=asdasd&address=asdasdasdasd&mobile=13545648475&code=asdasda&isDefault=true HTTP/1.0" 500 67311
[2017-10-26 09:45:15,183] [INFO] "GET /app/config/get-value?key=mallName HTTP/1.0" 200 220
[2017-10-26 09:45:15,530] [INFO] "GET /app/banner/list?key=mallName HTTP/1.0" 200 335
[2017-10-26 09:45:15,579] [INFO] "GET /app/shop/goods/category/all HTTP/1.0" 200 213
[2017-10-26 09:45:15,621] [INFO] code: 001E8pcQ07S7K72eBjaQ030rcQ0E8pc2
[2017-10-26 09:45:15,622] [INFO] ::https://api.weixin.qq.com/sns/jscode2session
[2017-10-26 09:45:15,622] [INFO] https://api.weixin.qq.com/sns/jscode2session?js_code=001E8pcQ07S7K72eBjaQ030rcQ0E8pc2&secret=fc6f380d593ed767a0e0c5d502521c41&grant_type=authorization_code&appid=wxa2532532adec3585
[2017-10-26 09:45:15,650] [INFO] "GET /app/shop/goods/list?categoryId= HTTP/1.0" 200 1029
[2017-10-26 09:45:15,774] [INFO] {u'openid': u'oNXb00PmRdwTWrJ1LoBrLN5TAJAk', u'session_key': u'+8r9Kb5/z3Min42pbZ8qew==', u'expires_in': 7200}
[2017-10-26 09:45:15,774] [INFO] {u'openid': u'oNXb00PmRdwTWrJ1LoBrLN5TAJAk', u'session_key': u'+8r9Kb5/z3Min42pbZ8qew==', u'expires_in': 7200}
[2017-10-26 09:45:15,777] [INFO] "GET /app/user/wxapp/login?code=001E8pcQ07S7K72eBjaQ030rcQ0E8pc2 HTTP/1.0" 200 278
[2017-10-26 09:45:51,369] [INFO] "GET /app/config/get-value?key=mallName HTTP/1.0" 200 220
[2017-10-26 09:45:51,689] [INFO] "GET /app/banner/list?key=mallName HTTP/1.0" 200 335
[2017-10-26 09:45:51,693] [INFO] "GET /app/shop/goods/category/all HTTP/1.0" 200 213
[2017-10-26 09:45:51,764] [INFO] code: 011Z5lzO0yFmn9226EwO0Ks7zO0Z5lzT
[2017-10-26 09:45:51,764] [INFO] ::https://api.weixin.qq.com/sns/jscode2session
[2017-10-26 09:45:51,764] [INFO] https://api.weixin.qq.com/sns/jscode2session?js_code=011Z5lzO0yFmn9226EwO0Ks7zO0Z5lzT&secret=fc6f380d593ed767a0e0c5d502521c41&grant_type=authorization_code&appid=wxa2532532adec3585
[2017-10-26 09:45:51,785] [INFO] "GET /app/shop/goods/list?categoryId= HTTP/1.0" 200 1029
[2017-10-26 09:45:51,892] [INFO] {u'openid': u'oNXb00PmRdwTWrJ1LoBrLN5TAJAk', u'session_key': u'+8r9Kb5/z3Min42pbZ8qew==', u'expires_in': 7200}
[2017-10-26 09:45:51,893] [INFO] {u'openid': u'oNXb00PmRdwTWrJ1LoBrLN5TAJAk', u'session_key': u'+8r9Kb5/z3Min42pbZ8qew==', u'expires_in': 7200}
[2017-10-26 09:45:51,895] [INFO] "GET /app/user/wxapp/login?code=011Z5lzO0yFmn9226EwO0Ks7zO0Z5lzT HTTP/1.0" 200 278
[2017-10-26 09:46:17,251] [INFO] "GET /app/config/get-value?key=mallName HTTP/1.0" 200 220
[2017-10-26 09:46:17,518] [INFO] "GET /app/banner/list?key=mallName HTTP/1.0" 200 335
[2017-10-26 09:46:17,553] [INFO] "GET /app/shop/goods/category/all HTTP/1.0" 200 213
[2017-10-26 09:46:17,644] [INFO] "GET /app/shop/goods/list?categoryId= HTTP/1.0" 200 1029
[2017-10-26 09:46:17,679] [INFO] code: 061IMVjB1nv0vg0ADrhB1Q3DjB1IMVjd
[2017-10-26 09:46:17,680] [INFO] ::https://api.weixin.qq.com/sns/jscode2session
[2017-10-26 09:46:17,680] [INFO] https://api.weixin.qq.com/sns/jscode2session?js_code=061IMVjB1nv0vg0ADrhB1Q3DjB1IMVjd&secret=fc6f380d593ed767a0e0c5d502521c41&grant_type=authorization_code&appid=wxa2532532adec3585
[2017-10-26 09:46:17,846] [INFO] {u'openid': u'oNXb00PmRdwTWrJ1LoBrLN5TAJAk', u'session_key': u'+8r9Kb5/z3Min42pbZ8qew==', u'expires_in': 7200}
[2017-10-26 09:46:17,846] [INFO] {u'openid': u'oNXb00PmRdwTWrJ1LoBrLN5TAJAk', u'session_key': u'+8r9Kb5/z3Min42pbZ8qew==', u'expires_in': 7200}
[2017-10-26 09:46:17,849] [INFO] "GET /app/user/wxapp/login?code=061IMVjB1nv0vg0ADrhB1Q3DjB1IMVjd HTTP/1.0" 200 278
[2017-10-26 09:46:51,754] [INFO] "GET /app/config/get-value?key=mallName HTTP/1.0" 200 220
[2017-10-26 09:46:52,078] [INFO] "GET /app/banner/list?key=mallName HTTP/1.0" 200 335
[2017-10-26 09:46:52,082] [INFO] "GET /app/shop/goods/category/all HTTP/1.0" 200 213
[2017-10-26 09:46:52,123] [WARNING] Not Found: /app/discounts/coupons
[2017-10-26 09:46:52,124] [WARNING] "GET /app/discounts/coupons?type= HTTP/1.0" 404 5439
[2017-10-26 09:46:52,159] [INFO] code: 001ZjLU62dDwwM0hcsU62gEMU62ZjLUK
[2017-10-26 09:46:52,159] [INFO] ::https://api.weixin.qq.com/sns/jscode2session
[2017-10-26 09:46:52,160] [INFO] https://api.weixin.qq.com/sns/jscode2session?js_code=001ZjLU62dDwwM0hcsU62gEMU62ZjLUK&secret=fc6f380d593ed767a0e0c5d502521c41&grant_type=authorization_code&appid=wxa2532532adec3585
[2017-10-26 09:46:52,167] [INFO] "GET /app/shop/goods/list?categoryId= HTTP/1.0" 200 1029
[2017-10-26 09:46:52,294] [INFO] {u'openid': u'oNXb00PmRdwTWrJ1LoBrLN5TAJAk', u'session_key': u'+8r9Kb5/z3Min42pbZ8qew==', u'expires_in': 7200}
[2017-10-26 09:46:52,294] [INFO] {u'openid': u'oNXb00PmRdwTWrJ1LoBrLN5TAJAk', u'session_key': u'+8r9Kb5/z3Min42pbZ8qew==', u'expires_in': 7200}
[2017-10-26 09:46:52,296] [INFO] "GET /app/user/wxapp/login?code=001ZjLU62dDwwM0hcsU62gEMU62ZjLUK HTTP/1.0" 200 278
[2017-10-26 09:47:00,165] [INFO] "GET /app/config/get-value?key=mallName HTTP/1.0" 200 220
[2017-10-26 09:47:00,454] [INFO] "GET /app/banner/list?key=mallName HTTP/1.0" 200 335
[2017-10-26 09:47:00,458] [INFO] "GET /app/shop/goods/category/all HTTP/1.0" 200 213
[2017-10-26 09:47:00,485] [WARNING] Not Found: /app/discounts/coupons
[2017-10-26 09:47:00,485] [WARNING] "GET /app/discounts/coupons?type= HTTP/1.0" 404 5439
[2017-10-26 09:47:00,607] [INFO] code: 081tpcBH1xBCB50WVJCH1ESfBH1tpcBa
[2017-10-26 09:47:00,608] [INFO] ::https://api.weixin.qq.com/sns/jscode2session
[2017-10-26 09:47:00,608] [INFO] https://api.weixin.qq.com/sns/jscode2session?js_code=081tpcBH1xBCB50WVJCH1ESfBH1tpcBa&secret=fc6f380d593ed767a0e0c5d502521c41&grant_type=authorization_code&appid=wxa2532532adec3585
[2017-10-26 09:47:00,610] [INFO] "GET /app/shop/goods/list?categoryId= HTTP/1.0" 200 1029
[2017-10-26 09:47:00,655] [INFO] "GET /media/img/b.jpg HTTP/1.0" 200 44431
[2017-10-26 09:47:00,718] [INFO] "GET /media/img/a.jpg HTTP/1.0" 200 21494
[2017-10-26 09:47:00,790] [INFO] {u'openid': u'oNXb00PmRdwTWrJ1LoBrLN5TAJAk', u'session_key': u'mMO3hcw7SyEE+G7D0wMhvw==', u'expires_in': 7200}
[2017-10-26 09:47:00,790] [INFO] {u'openid': u'oNXb00PmRdwTWrJ1LoBrLN5TAJAk', u'session_key': u'mMO3hcw7SyEE+G7D0wMhvw==', u'expires_in': 7200}
[2017-10-26 09:47:00,793] [INFO] "GET /app/user/wxapp/login?code=081tpcBH1xBCB50WVJCH1ESfBH1tpcBa HTTP/1.0" 200 278
[2017-10-26 09:51:22,659] [INFO] "GET /app/config/get-value?key=mallName HTTP/1.0" 200 220
[2017-10-26 09:51:23,035] [INFO] "GET /app/banner/list?key=mallName HTTP/1.0" 200 335
[2017-10-26 09:51:23,065] [INFO] "GET /app/shop/goods/category/all HTTP/1.0" 200 213
[2017-10-26 09:51:23,074] [WARNING] Not Found: /app/discounts/coupons
[2017-10-26 09:51:23,074] [WARNING] "GET /app/discounts/coupons?type= HTTP/1.0" 404 5439
[2017-10-26 09:51:23,098] [INFO] code: 061QA5Gx18JXyf0IbFHx1vf2Gx1QA5G6
[2017-10-26 09:51:23,098] [INFO] ::https://api.weixin.qq.com/sns/jscode2session
[2017-10-26 09:51:23,099] [INFO] https://api.weixin.qq.com/sns/jscode2session?js_code=061QA5Gx18JXyf0IbFHx1vf2Gx1QA5G6&secret=fc6f380d593ed767a0e0c5d502521c41&grant_type=authorization_code&appid=wxa2532532adec3585
[2017-10-26 09:51:23,139] [INFO] "GET /app/shop/goods/list?categoryId= HTTP/1.0" 200 1029
[2017-10-26 09:51:23,255] [INFO] {u'openid': u'oNXb00PmRdwTWrJ1LoBrLN5TAJAk', u'session_key': u'ftR7vk9BiCuVJqpoyaGkAQ==', u'expires_in': 7200}
[2017-10-26 09:51:23,256] [INFO] {u'openid': u'oNXb00PmRdwTWrJ1LoBrLN5TAJAk', u'session_key': u'ftR7vk9BiCuVJqpoyaGkAQ==', u'expires_in': 7200}
[2017-10-26 09:51:23,258] [INFO] "GET /app/user/wxapp/login?code=061QA5Gx18JXyf0IbFHx1vf2Gx1QA5G6 HTTP/1.0" 200 278
[2017-10-26 09:51:27,918] [INFO] "GET /app/config/get-value?key=mallName HTTP/1.0" 200 220
[2017-10-26 09:51:28,224] [INFO] "GET /app/banner/list?key=mallName HTTP/1.0" 200 335
[2017-10-26 09:51:28,233] [WARNING] Not Found: /app/discounts/coupons
[2017-10-26 09:51:28,233] [WARNING] "GET /app/discounts/coupons?type= HTTP/1.0" 404 5439
[2017-10-26 09:51:28,237] [INFO] "GET /app/shop/goods/category/all HTTP/1.0" 200 213
[2017-10-26 09:51:28,315] [INFO] "GET /app/shop/goods/list?categoryId= HTTP/1.0" 200 1029
[2017-10-26 09:51:28,320] [INFO] code: 071deycu0Zq6xe1mgHcu0Cbxcu0deycv
[2017-10-26 09:51:28,320] [INFO] ::https://api.weixin.qq.com/sns/jscode2session
[2017-10-26 09:51:28,320] [INFO] https://api.weixin.qq.com/sns/jscode2session?js_code=071deycu0Zq6xe1mgHcu0Cbxcu0deycv&secret=fc6f380d593ed767a0e0c5d502521c41&grant_type=authorization_code&appid=wxa2532532adec3585
[2017-10-26 09:51:28,377] [INFO] "GET /media/img/b.jpg HTTP/1.0" 200 44431
[2017-10-26 09:51:28,422] [INFO] "GET /media/img/a.jpg HTTP/1.0" 200 21494
[2017-10-26 09:51:28,450] [INFO] {u'openid': u'oNXb00PmRdwTWrJ1LoBrLN5TAJAk', u'session_key': u'95/UnM6oceAyziiMPTYstg==', u'expires_in': 7200}
[2017-10-26 09:51:28,450] [INFO] {u'openid': u'oNXb00PmRdwTWrJ1LoBrLN5TAJAk', u'session_key': u'95/UnM6oceAyziiMPTYstg==', u'expires_in': 7200}
[2017-10-26 09:51:28,452] [INFO] "GET /app/user/wxapp/login?code=071deycu0Zq6xe1mgHcu0Cbxcu0deycv HTTP/1.0" 200 278
[2017-10-26 09:51:36,983] [ERROR] Internal Server Error: /app/order/list
Traceback (most recent call last):
  File "/usr/local/lib/python2.7/dist-packages/django/core/handlers/exception.py", line 41, in inner
    response = get_response(request)
  File "/usr/local/lib/python2.7/dist-packages/django/core/handlers/base.py", line 187, in _get_response
    response = self.process_exception_by_middleware(e, request)
  File "/usr/local/lib/python2.7/dist-packages/django/core/handlers/base.py", line 185, in _get_response
    response = wrapped_callback(request, *callback_args, **callback_kwargs)
  File "/home/leon/mall/app/views.py", line 331, in order_list
    return OrderManager(request,sub_domain).order_list()
TypeError: object() takes no parameters
[2017-10-26 09:51:36,990] [ERROR] Internal Server Error: /app/order/statistics
Traceback (most recent call last):
  File "/usr/local/lib/python2.7/dist-packages/django/core/handlers/exception.py", line 41, in inner
    response = get_response(request)
  File "/usr/local/lib/python2.7/dist-packages/django/core/handlers/base.py", line 187, in _get_response
    response = self.process_exception_by_middleware(e, request)
  File "/usr/local/lib/python2.7/dist-packages/django/core/handlers/base.py", line 185, in _get_response
    response = wrapped_callback(request, *callback_args, **callback_kwargs)
  File "/home/leon/mall/app/views.py", line 339, in order_statistics
    return OrderManager(request,sub_domain).order_statistics()
TypeError: object() takes no parameters
[2017-10-26 09:51:37,120] [ERROR] "GET /app/order/list?token=undefined HTTP/1.0" 500 64727
[2017-10-26 09:51:37,192] [ERROR] "GET /app/order/statistics?token=undefined HTTP/1.0" 500 64151
[2017-10-26 09:51:48,370] [ERROR] Internal Server Error: /app/user/shipping-address/list
Traceback (most recent call last):
  File "/usr/local/lib/python2.7/dist-packages/django/core/handlers/exception.py", line 41, in inner
    response = get_response(request)
  File "/usr/local/lib/python2.7/dist-packages/django/core/handlers/base.py", line 187, in _get_response
    response = self.process_exception_by_middleware(e, request)
  File "/usr/local/lib/python2.7/dist-packages/django/core/handlers/base.py", line 185, in _get_response
    response = wrapped_callback(request, *callback_args, **callback_kwargs)
  File "/home/leon/mall/app/views.py", line 317, in address_list
    return AddressManager(request,sub_domain).address_list()
TypeError: object() takes no parameters
[2017-10-26 09:51:48,455] [ERROR] "GET /app/user/shipping-address/list?token=undefined HTTP/1.0" 500 64917
[2017-10-26 09:52:08,825] [ERROR] Internal Server Error: /app/user/shipping-address/add
Traceback (most recent call last):
  File "/usr/local/lib/python2.7/dist-packages/django/core/handlers/exception.py", line 41, in inner
    response = get_response(request)
  File "/usr/local/lib/python2.7/dist-packages/django/core/handlers/base.py", line 187, in _get_response
    response = self.process_exception_by_middleware(e, request)
  File "/usr/local/lib/python2.7/dist-packages/django/core/handlers/base.py", line 185, in _get_response
    response = wrapped_callback(request, *callback_args, **callback_kwargs)
  File "/home/leon/mall/app/views.py", line 319, in address_add
    return AddressManager(request,sub_domain).address_add()
TypeError: object() takes no parameters
[2017-10-26 09:52:08,910] [ERROR] "GET /app/user/shipping-address/add?token=undefined&id=0&provinceId=120000&cityId=120102&districtId=&linkMan=asdasd&address=asdasdasd&mobile=13548745641&code=asdasda&isDefault=true HTTP/1.0" 500 67287
[2017-10-26 10:00:32,474] [INFO] "GET /app/config/get-value?key=mallName HTTP/1.0" 200 220
[2017-10-26 10:00:32,707] [INFO] "GET /app/banner/list?key=mallName HTTP/1.0" 200 335
[2017-10-26 10:00:32,759] [INFO] "GET /app/shop/goods/category/all HTTP/1.0" 200 213
[2017-10-26 10:00:32,762] [WARNING] Not Found: /app/discounts/coupons
[2017-10-26 10:00:32,762] [WARNING] "GET /app/discounts/coupons?type= HTTP/1.0" 404 5439
[2017-10-26 10:00:32,848] [INFO] "GET /app/shop/goods/list?categoryId= HTTP/1.0" 200 1029
[2017-10-26 10:00:32,849] [INFO] code: 081HH9pj0j3XLk18Xrqj08ujpj0HH9p5
[2017-10-26 10:00:32,849] [INFO] ::https://api.weixin.qq.com/sns/jscode2session
[2017-10-26 10:00:32,850] [INFO] https://api.weixin.qq.com/sns/jscode2session?js_code=081HH9pj0j3XLk18Xrqj08ujpj0HH9p5&secret=fc6f380d593ed767a0e0c5d502521c41&grant_type=authorization_code&appid=wxa2532532adec3585
[2017-10-26 10:00:32,996] [INFO] {u'openid': u'oNXb00PmRdwTWrJ1LoBrLN5TAJAk', u'session_key': u'cq5JvVBlPT2C1Gcdz6Gywg==', u'expires_in': 7200}
[2017-10-26 10:00:32,997] [INFO] {u'openid': u'oNXb00PmRdwTWrJ1LoBrLN5TAJAk', u'session_key': u'cq5JvVBlPT2C1Gcdz6Gywg==', u'expires_in': 7200}
[2017-10-26 10:00:32,999] [INFO] "GET /app/user/wxapp/login?code=081HH9pj0j3XLk18Xrqj08ujpj0HH9p5 HTTP/1.0" 200 278
[2017-10-26 10:04:51,305] [INFO] "GET /app/config/get-value?key=mallName HTTP/1.0" 200 220
[2017-10-26 10:04:51,479] [INFO] "GET /app/banner/list?key=mallName HTTP/1.0" 200 335
[2017-10-26 10:04:51,532] [INFO] "GET /app/shop/goods/category/all HTTP/1.0" 200 213
[2017-10-26 10:04:51,531] [WARNING] Not Found: /app/discounts/coupons
[2017-10-26 10:04:51,532] [WARNING] "GET /app/discounts/coupons?type= HTTP/1.0" 404 5439
[2017-10-26 10:04:51,617] [INFO] "GET /app/shop/goods/list?categoryId= HTTP/1.0" 200 1029
[2017-10-26 10:04:51,619] [INFO] code: 0113l5FS0SY6aW1uQIES0eDZES03l5F7
[2017-10-26 10:04:51,619] [INFO] ::https://api.weixin.qq.com/sns/jscode2session
[2017-10-26 10:04:51,620] [INFO] https://api.weixin.qq.com/sns/jscode2session?js_code=0113l5FS0SY6aW1uQIES0eDZES03l5F7&secret=fc6f380d593ed767a0e0c5d502521c41&grant_type=authorization_code&appid=wxa2532532adec3585
[2017-10-26 10:04:51,809] [INFO] {u'openid': u'oNXb00PmRdwTWrJ1LoBrLN5TAJAk', u'session_key': u'0C5aBlynPM/9hkIh/dUtUA==', u'expires_in': 7200}
[2017-10-26 10:04:51,809] [INFO] {u'openid': u'oNXb00PmRdwTWrJ1LoBrLN5TAJAk', u'session_key': u'0C5aBlynPM/9hkIh/dUtUA==', u'expires_in': 7200}
[2017-10-26 10:04:51,813] [INFO] "GET /app/user/wxapp/login?code=0113l5FS0SY6aW1uQIES0eDZES03l5F7 HTTP/1.0" 200 311
[2017-10-26 10:05:03,132] [INFO] "GET /app/config/get-value?key=mallName HTTP/1.0" 200 220
[2017-10-26 10:05:03,390] [INFO] "GET /app/shop/goods/category/all HTTP/1.0" 200 213
[2017-10-26 10:05:03,396] [INFO] "GET /app/banner/list?key=mallName HTTP/1.0" 200 335
[2017-10-26 10:05:03,409] [WARNING] Not Found: /app/discounts/coupons
[2017-10-26 10:05:03,409] [WARNING] "GET /app/discounts/coupons?type= HTTP/1.0" 404 5439
[2017-10-26 10:05:03,475] [INFO] "GET /app/shop/goods/list?categoryId= HTTP/1.0" 200 1029
[2017-10-26 10:05:03,551] [INFO] code: 011kH9K10PD2sC1NrzL10AKQJ10kH9Kk
[2017-10-26 10:05:03,551] [INFO] ::https://api.weixin.qq.com/sns/jscode2session
[2017-10-26 10:05:03,551] [INFO] https://api.weixin.qq.com/sns/jscode2session?js_code=011kH9K10PD2sC1NrzL10AKQJ10kH9Kk&secret=fc6f380d593ed767a0e0c5d502521c41&grant_type=authorization_code&appid=wxa2532532adec3585
[2017-10-26 10:05:03,714] [INFO] {u'openid': u'oNXb00PmRdwTWrJ1LoBrLN5TAJAk', u'session_key': u'0C5aBlynPM/9hkIh/dUtUA==', u'expires_in': 7200}
[2017-10-26 10:05:03,715] [INFO] {u'openid': u'oNXb00PmRdwTWrJ1LoBrLN5TAJAk', u'session_key': u'0C5aBlynPM/9hkIh/dUtUA==', u'expires_in': 7200}
[2017-10-26 10:05:03,718] [INFO] "GET /app/user/wxapp/login?code=011kH9K10PD2sC1NrzL10AKQJ10kH9Kk HTTP/1.0" 200 311
[2017-10-26 10:05:06,717] [INFO] "GET /app/config/get-value?key=mallName HTTP/1.0" 200 220
[2017-10-26 10:05:07,052] [INFO] "GET /app/banner/list?key=mallName HTTP/1.0" 200 335
[2017-10-26 10:05:07,059] [WARNING] Not Found: /app/discounts/coupons
[2017-10-26 10:05:07,059] [INFO] "GET /app/shop/goods/category/all HTTP/1.0" 200 213
[2017-10-26 10:05:07,060] [WARNING] "GET /app/discounts/coupons?type= HTTP/1.0" 404 5439
[2017-10-26 10:05:07,124] [INFO] code: 021u646k2Vk4oI0po86k2iN96k2u646m
[2017-10-26 10:05:07,124] [INFO] ::https://api.weixin.qq.com/sns/jscode2session
[2017-10-26 10:05:07,124] [INFO] https://api.weixin.qq.com/sns/jscode2session?js_code=021u646k2Vk4oI0po86k2iN96k2u646m&secret=fc6f380d593ed767a0e0c5d502521c41&grant_type=authorization_code&appid=wxa2532532adec3585
[2017-10-26 10:05:07,153] [INFO] "GET /app/shop/goods/list?categoryId= HTTP/1.0" 200 1029
[2017-10-26 10:05:07,269] [INFO] {u'openid': u'oNXb00PmRdwTWrJ1LoBrLN5TAJAk', u'session_key': u'0C5aBlynPM/9hkIh/dUtUA==', u'expires_in': 7200}
[2017-10-26 10:05:07,269] [INFO] {u'openid': u'oNXb00PmRdwTWrJ1LoBrLN5TAJAk', u'session_key': u'0C5aBlynPM/9hkIh/dUtUA==', u'expires_in': 7200}
[2017-10-26 10:05:07,272] [INFO] "GET /app/user/wxapp/login?code=021u646k2Vk4oI0po86k2iN96k2u646m HTTP/1.0" 200 311
[2017-10-26 10:05:16,089] [ERROR] Internal Server Error: /app/user/shipping-address/list
Traceback (most recent call last):
  File "/usr/local/lib/python2.7/dist-packages/django/core/handlers/exception.py", line 41, in inner
    response = get_response(request)
  File "/usr/local/lib/python2.7/dist-packages/django/core/handlers/base.py", line 187, in _get_response
    response = self.process_exception_by_middleware(e, request)
  File "/usr/local/lib/python2.7/dist-packages/django/core/handlers/base.py", line 185, in _get_response
    response = wrapped_callback(request, *callback_args, **callback_kwargs)
  File "/home/leon/mall/app/views.py", line 317, in address_list
    return AddressManager(request,sub_domain).address_list()
TypeError: object() takes no parameters
[2017-10-26 10:05:16,183] [ERROR] "GET /app/user/shipping-address/list?token=eyJhbGciOiJIUzI1NiIsImV4cCI6MTUwOTAxNzI2OSwiaWF0IjoxNTA5MDEwMDY5fQ.eyJpYXQiOjE1MDkwMTAwNjkuNTc2NjM0LCJzZXNzaW9uX2tleSI6InpvdVhrMWtmTUVBMGltdWs3Wm92eWc9PSIsIm9wZW5faWQiOiJvTlhiMDBQbVJkd1RXckoxTG9CckxONVRBSkFrIn0.nhD0QsD0H2Ylbvvp5I4VB0DD6Oc0o0az4gLmGXiA0EY HTTP/1.0" 500 66877
[2017-10-26 10:05:32,623] [ERROR] Internal Server Error: /app/user/shipping-address/add
Traceback (most recent call last):
  File "/usr/local/lib/python2.7/dist-packages/django/core/handlers/exception.py", line 41, in inner
    response = get_response(request)
  File "/usr/local/lib/python2.7/dist-packages/django/core/handlers/base.py", line 187, in _get_response
    response = self.process_exception_by_middleware(e, request)
  File "/usr/local/lib/python2.7/dist-packages/django/core/handlers/base.py", line 185, in _get_response
    response = wrapped_callback(request, *callback_args, **callback_kwargs)
  File "/home/leon/mall/app/views.py", line 319, in address_add
    return AddressManager(request,sub_domain).address_add()
TypeError: object() takes no parameters
[2017-10-26 10:05:32,716] [ERROR] "GET /app/user/shipping-address/add?token=eyJhbGciOiJIUzI1NiIsImV4cCI6MTUwOTAxNzI2OSwiaWF0IjoxNTA5MDEwMDY5fQ.eyJpYXQiOjE1MDkwMTAwNjkuNTc2NjM0LCJzZXNzaW9uX2tleSI6InpvdVhrMWtmTUVBMGltdWs3Wm92eWc9PSIsIm9wZW5faWQiOiJvTlhiMDBQbVJkd1RXckoxTG9CckxONVRBSkFrIn0.nhD0QsD0H2Ylbvvp5I4VB0DD6Oc0o0az4gLmGXiA0EY&id=0&provinceId=120000&cityId=120102&districtId=&linkMan=asdasd&address=asdasdas&mobile=13546874985&code=asdasdad&isDefault=true HTTP/1.0" 500 69247
[2017-10-26 10:08:18,769] [ERROR] Internal Server Error: /app/user/shipping-address/add
Traceback (most recent call last):
  File "/usr/local/lib/python2.7/dist-packages/django/core/handlers/exception.py", line 41, in inner
    response = get_response(request)
  File "/usr/local/lib/python2.7/dist-packages/django/core/handlers/base.py", line 187, in _get_response
    response = self.process_exception_by_middleware(e, request)
  File "/usr/local/lib/python2.7/dist-packages/django/core/handlers/base.py", line 185, in _get_response
    response = wrapped_callback(request, *callback_args, **callback_kwargs)
  File "/home/leon/mall/app/views.py", line 319, in address_add
    return AddressManager(request,sub_domain).address_add()
TypeError: 'NoneType' object is not callable
[2017-10-26 10:08:18,881] [ERROR] "GET /app/user/shipping-address/add?token=eyJhbGciOiJIUzI1NiIsImV4cCI6MTUwOTAxNzI2OSwiaWF0IjoxNTA5MDEwMDY5fQ.eyJpYXQiOjE1MDkwMTAwNjkuNTc2NjM0LCJzZXNzaW9uX2tleSI6InpvdVhrMWtmTUVBMGltdWs3Wm92eWc9PSIsIm9wZW5faWQiOiJvTlhiMDBQbVJkd1RXckoxTG9CckxONVRBSkFrIn0.nhD0QsD0H2Ylbvvp5I4VB0DD6Oc0o0az4gLmGXiA0EY&id=0&provinceId=120000&cityId=120102&districtId=&linkMan=asdasd&address=asdasdas&mobile=13546874985&code=asdasdad&isDefault=true HTTP/1.0" 500 69331
[2017-10-26 10:09:11,456] [INFO] "GET /app/config/get-value?key=mallName HTTP/1.0" 200 220
[2017-10-26 10:09:11,864] [INFO] "GET /app/banner/list?key=mallName HTTP/1.0" 200 335
[2017-10-26 10:09:11,935] [INFO] "GET /app/shop/goods/category/all HTTP/1.0" 200 213
[2017-10-26 10:09:11,955] [WARNING] Not Found: /app/discounts/coupons
[2017-10-26 10:09:11,955] [WARNING] "GET /app/discounts/coupons?type= HTTP/1.0" 404 5439
[2017-10-26 10:09:12,009] [INFO] "GET /app/shop/goods/list?categoryId= HTTP/1.0" 200 1029
[2017-10-26 10:09:12,183] [INFO] code: 061tCESi1ROuYy0YT7Ti1nkUSi1tCESm
[2017-10-26 10:09:12,183] [INFO] ::https://api.weixin.qq.com/sns/jscode2session
[2017-10-26 10:09:12,184] [INFO] https://api.weixin.qq.com/sns/jscode2session?js_code=061tCESi1ROuYy0YT7Ti1nkUSi1tCESm&secret=fc6f380d593ed767a0e0c5d502521c41&grant_type=authorization_code&appid=wxa2532532adec3585
[2017-10-26 10:09:12,342] [INFO] {u'openid': u'oNXb00PmRdwTWrJ1LoBrLN5TAJAk', u'session_key': u'kcoe5FCx5KzyNwYQz7e0wQ==', u'expires_in': 7200}
[2017-10-26 10:09:12,342] [INFO] {u'openid': u'oNXb00PmRdwTWrJ1LoBrLN5TAJAk', u'session_key': u'kcoe5FCx5KzyNwYQz7e0wQ==', u'expires_in': 7200}
[2017-10-26 10:09:12,364] [INFO] "GET /app/user/wxapp/login?code=061tCESi1ROuYy0YT7Ti1nkUSi1tCESm HTTP/1.0" 200 311
[2017-10-26 10:09:17,093] [ERROR] Internal Server Error: /app/user/shipping-address/list
Traceback (most recent call last):
  File "/usr/local/lib/python2.7/dist-packages/django/core/handlers/exception.py", line 41, in inner
    response = get_response(request)
  File "/usr/local/lib/python2.7/dist-packages/django/core/handlers/base.py", line 187, in _get_response
    response = self.process_exception_by_middleware(e, request)
  File "/usr/local/lib/python2.7/dist-packages/django/core/handlers/base.py", line 185, in _get_response
    response = wrapped_callback(request, *callback_args, **callback_kwargs)
  File "/home/leon/mall/app/views.py", line 317, in address_list
    return AddressManager(request,sub_domain).address_list()
TypeError: 'NoneType' object is not callable
[2017-10-26 10:09:17,182] [ERROR] "GET /app/user/shipping-address/list?token=eyJhbGciOiJIUzI1NiIsImV4cCI6MTUwOTAxNzI2OSwiaWF0IjoxNTA5MDEwMDY5fQ.eyJpYXQiOjE1MDkwMTAwNjkuNTc2NjM0LCJzZXNzaW9uX2tleSI6InpvdVhrMWtmTUVBMGltdWs3Wm92eWc9PSIsIm9wZW5faWQiOiJvTlhiMDBQbVJkd1RXckoxTG9CckxONVRBSkFrIn0.nhD0QsD0H2Ylbvvp5I4VB0DD6Oc0o0az4gLmGXiA0EY HTTP/1.0" 500 66961
[2017-10-26 10:15:37,060] [INFO] "GET /app/config/get-value?key=mallName HTTP/1.0" 200 220
[2017-10-26 10:15:37,397] [INFO] "GET /app/banner/list?key=mallName HTTP/1.0" 200 335
[2017-10-26 10:15:37,459] [INFO] "GET /app/shop/goods/category/all HTTP/1.0" 200 213
[2017-10-26 10:15:37,484] [WARNING] Not Found: /app/discounts/coupons
[2017-10-26 10:15:37,485] [WARNING] "GET /app/discounts/coupons?type= HTTP/1.0" 404 5439
[2017-10-26 10:15:37,522] [INFO] "GET /app/shop/goods/list?categoryId= HTTP/1.0" 200 1029
[2017-10-26 10:15:37,559] [INFO] "GET /media/img/b.jpg HTTP/1.0" 200 44431
[2017-10-26 10:15:37,616] [INFO] code: 021lYWUv18YBNc07p9Xv1yDxUv1lYWUs
[2017-10-26 10:15:37,617] [INFO] ::https://api.weixin.qq.com/sns/jscode2session
[2017-10-26 10:15:37,617] [INFO] https://api.weixin.qq.com/sns/jscode2session?js_code=021lYWUv18YBNc07p9Xv1yDxUv1lYWUs&secret=fc6f380d593ed767a0e0c5d502521c41&grant_type=authorization_code&appid=wxa2532532adec3585
[2017-10-26 10:15:37,650] [INFO] "GET /media/img/a.jpg HTTP/1.0" 200 21494
[2017-10-26 10:15:37,766] [INFO] {u'openid': u'oNXb00PmRdwTWrJ1LoBrLN5TAJAk', u'session_key': u'7/iT1OGWsJRR3x95mnM2xQ==', u'expires_in': 7200}
[2017-10-26 10:15:37,767] [INFO] {u'openid': u'oNXb00PmRdwTWrJ1LoBrLN5TAJAk', u'session_key': u'7/iT1OGWsJRR3x95mnM2xQ==', u'expires_in': 7200}
[2017-10-26 10:15:37,770] [INFO] "GET /app/user/wxapp/login?code=021lYWUv18YBNc07p9Xv1yDxUv1lYWUs HTTP/1.0" 200 311
[2017-10-26 10:15:45,627] [ERROR] Internal Server Error: /app/user/shipping-address/list
Traceback (most recent call last):
  File "/usr/local/lib/python2.7/dist-packages/django/core/handlers/exception.py", line 41, in inner
    response = get_response(request)
  File "/usr/local/lib/python2.7/dist-packages/django/core/handlers/base.py", line 187, in _get_response
    response = self.process_exception_by_middleware(e, request)
  File "/usr/local/lib/python2.7/dist-packages/django/core/handlers/base.py", line 185, in _get_response
    response = wrapped_callback(request, *callback_args, **callback_kwargs)
  File "/home/leon/mall/app/views.py", line 318, in address_list
    return a.address_list()
TypeError: 'NoneType' object is not callable
[2017-10-26 10:15:45,716] [ERROR] "GET /app/user/shipping-address/list?token=eyJhbGciOiJIUzI1NiIsImV4cCI6MTUwOTAxNzI2OSwiaWF0IjoxNTA5MDEwMDY5fQ.eyJpYXQiOjE1MDkwMTAwNjkuNTc2NjM0LCJzZXNzaW9uX2tleSI6InpvdVhrMWtmTUVBMGltdWs3Wm92eWc9PSIsIm9wZW5faWQiOiJvTlhiMDBQbVJkd1RXckoxTG9CckxONVRBSkFrIn0.nhD0QsD0H2Ylbvvp5I4VB0DD6Oc0o0az4gLmGXiA0EY HTTP/1.0" 500 67104
[2017-10-26 10:18:04,084] [INFO] "GET /app/config/get-value?key=mallName HTTP/1.0" 200 220
[2017-10-26 10:18:04,261] [INFO] "GET /app/banner/list?key=mallName HTTP/1.0" 200 335
[2017-10-26 10:18:04,294] [INFO] "GET /app/shop/goods/category/all HTTP/1.0" 200 213
[2017-10-26 10:18:04,367] [WARNING] Not Found: /app/discounts/coupons
[2017-10-26 10:18:04,368] [WARNING] "GET /app/discounts/coupons?type= HTTP/1.0" 404 5439
[2017-10-26 10:18:04,378] [INFO] code: 001XrnbW1TV0GS0a2ybW1YiobW1Xrnb6
[2017-10-26 10:18:04,378] [INFO] ::https://api.weixin.qq.com/sns/jscode2session
[2017-10-26 10:18:04,380] [INFO] https://api.weixin.qq.com/sns/jscode2session?js_code=001XrnbW1TV0GS0a2ybW1YiobW1Xrnb6&secret=fc6f380d593ed767a0e0c5d502521c41&grant_type=authorization_code&appid=wxa2532532adec3585
[2017-10-26 10:18:04,408] [INFO] "GET /app/shop/goods/list?categoryId= HTTP/1.0" 200 1029
[2017-10-26 10:18:04,578] [INFO] {u'openid': u'oNXb00PmRdwTWrJ1LoBrLN5TAJAk', u'session_key': u'iCfPaaEE0j4TX/NQezwEqw==', u'expires_in': 7200}
[2017-10-26 10:18:04,578] [INFO] {u'openid': u'oNXb00PmRdwTWrJ1LoBrLN5TAJAk', u'session_key': u'iCfPaaEE0j4TX/NQezwEqw==', u'expires_in': 7200}
[2017-10-26 10:18:04,581] [INFO] "GET /app/user/wxapp/login?code=001XrnbW1TV0GS0a2ybW1YiobW1Xrnb6 HTTP/1.0" 200 311
[2017-10-26 10:18:07,647] [INFO] 1
[2017-10-26 10:18:07,648] [INFO] 2
[2017-10-26 10:18:07,650] [ERROR] Internal Server Error: /app/user/shipping-address/list
Traceback (most recent call last):
  File "/usr/local/lib/python2.7/dist-packages/django/core/handlers/exception.py", line 41, in inner
    response = get_response(request)
  File "/usr/local/lib/python2.7/dist-packages/django/core/handlers/base.py", line 187, in _get_response
    response = self.process_exception_by_middleware(e, request)
  File "/usr/local/lib/python2.7/dist-packages/django/core/handlers/base.py", line 185, in _get_response
    response = wrapped_callback(request, *callback_args, **callback_kwargs)
  File "/home/leon/mall/app/views.py", line 318, in address_list
    return a.address_list()
TypeError: 'NoneType' object is not callable
[2017-10-26 10:18:07,739] [ERROR] "GET /app/user/shipping-address/list?token=eyJhbGciOiJIUzI1NiIsImV4cCI6MTUwOTAxNzI2OSwiaWF0IjoxNTA5MDEwMDY5fQ.eyJpYXQiOjE1MDkwMTAwNjkuNTc2NjM0LCJzZXNzaW9uX2tleSI6InpvdVhrMWtmTUVBMGltdWs3Wm92eWc9PSIsIm9wZW5faWQiOiJvTlhiMDBQbVJkd1RXckoxTG9CckxONVRBSkFrIn0.nhD0QsD0H2Ylbvvp5I4VB0DD6Oc0o0az4gLmGXiA0EY HTTP/1.0" 500 67104
[2017-10-26 10:18:42,523] [INFO] "GET /app/config/get-value?key=mallName HTTP/1.0" 200 220
[2017-10-26 10:18:43,007] [INFO] "GET /app/banner/list?key=mallName HTTP/1.0" 200 335
[2017-10-26 10:18:43,010] [INFO] "GET /app/shop/goods/category/all HTTP/1.0" 200 213
[2017-10-26 10:18:43,014] [WARNING] Not Found: /app/discounts/coupons
[2017-10-26 10:18:43,015] [WARNING] "GET /app/discounts/coupons?type= HTTP/1.0" 404 5439
[2017-10-26 10:18:43,050] [INFO] code: 071xSiod0J9Bmv1FXMmd0W5Ynd0xSiok
[2017-10-26 10:18:43,050] [INFO] ::https://api.weixin.qq.com/sns/jscode2session
[2017-10-26 10:18:43,050] [INFO] https://api.weixin.qq.com/sns/jscode2session?js_code=071xSiod0J9Bmv1FXMmd0W5Ynd0xSiok&secret=fc6f380d593ed767a0e0c5d502521c41&grant_type=authorization_code&appid=wxa2532532adec3585
[2017-10-26 10:18:43,101] [INFO] "GET /app/shop/goods/list?categoryId= HTTP/1.0" 200 1029
[2017-10-26 10:18:43,218] [INFO] {u'openid': u'oNXb00PmRdwTWrJ1LoBrLN5TAJAk', u'session_key': u'iCfPaaEE0j4TX/NQezwEqw==', u'expires_in': 7200}
[2017-10-26 10:18:43,219] [INFO] {u'openid': u'oNXb00PmRdwTWrJ1LoBrLN5TAJAk', u'session_key': u'iCfPaaEE0j4TX/NQezwEqw==', u'expires_in': 7200}
[2017-10-26 10:18:43,222] [INFO] "GET /app/user/wxapp/login?code=071xSiod0J9Bmv1FXMmd0W5Ynd0xSiok HTTP/1.0" 200 311
[2017-10-26 10:18:44,659] [INFO] 1
[2017-10-26 10:18:44,660] [INFO] 2
[2017-10-26 10:18:44,662] [INFO] 3
[2017-10-26 10:18:44,662] [ERROR] Internal Server Error: /app/user/shipping-address/list
Traceback (most recent call last):
  File "/usr/local/lib/python2.7/dist-packages/django/core/handlers/exception.py", line 41, in inner
    response = get_response(request)
  File "/usr/local/lib/python2.7/dist-packages/django/core/handlers/base.py", line 187, in _get_response
    response = self.process_exception_by_middleware(e, request)
  File "/usr/local/lib/python2.7/dist-packages/django/core/handlers/base.py", line 185, in _get_response
    response = wrapped_callback(request, *callback_args, **callback_kwargs)
  File "/home/leon/mall/app/views.py", line 318, in address_list
    return a.address_list()
TypeError: 'NoneType' object is not callable
[2017-10-26 10:18:44,753] [ERROR] "GET /app/user/shipping-address/list?token=eyJhbGciOiJIUzI1NiIsImV4cCI6MTUwOTAxNzI2OSwiaWF0IjoxNTA5MDEwMDY5fQ.eyJpYXQiOjE1MDkwMTAwNjkuNTc2NjM0LCJzZXNzaW9uX2tleSI6InpvdVhrMWtmTUVBMGltdWs3Wm92eWc9PSIsIm9wZW5faWQiOiJvTlhiMDBQbVJkd1RXckoxTG9CckxONVRBSkFrIn0.nhD0QsD0H2Ylbvvp5I4VB0DD6Oc0o0az4gLmGXiA0EY HTTP/1.0" 500 67104
[2017-10-26 10:20:05,429] [INFO] 1
[2017-10-26 10:20:05,430] [INFO] 2
[2017-10-26 10:20:05,431] [INFO] 3
[2017-10-26 10:20:05,431] [ERROR] Internal Server Error: /app/user/shipping-address/list
Traceback (most recent call last):
  File "/usr/local/lib/python2.7/dist-packages/django/core/handlers/exception.py", line 41, in inner
    response = get_response(request)
  File "/usr/local/lib/python2.7/dist-packages/django/core/handlers/base.py", line 187, in _get_response
    response = self.process_exception_by_middleware(e, request)
  File "/usr/local/lib/python2.7/dist-packages/django/core/handlers/base.py", line 185, in _get_response
    response = wrapped_callback(request, *callback_args, **callback_kwargs)
  File "/home/leon/mall/app/views.py", line 318, in address_list
    return a.address_list()
TypeError: 'NoneType' object is not callable
[2017-10-26 10:20:05,543] [ERROR] "GET /app/user/shipping-address/list?token=eyJhbGciOiJIUzI1NiIsImV4cCI6MTUwOTAxNzI2OSwiaWF0IjoxNTA5MDEwMDY5fQ.eyJpYXQiOjE1MDkwMTAwNjkuNTc2NjM0LCJzZXNzaW9uX2tleSI6InpvdVhrMWtmTUVBMGltdWs3Wm92eWc9PSIsIm9wZW5faWQiOiJvTlhiMDBQbVJkd1RXckoxTG9CckxONVRBSkFrIn0.nhD0QsD0H2Ylbvvp5I4VB0DD6Oc0o0az4gLmGXiA0EY HTTP/1.0" 500 67106
[2017-10-26 10:23:01,675] [INFO] "GET /app/config/get-value?key=mallName HTTP/1.0" 200 220
[2017-10-26 10:23:01,887] [INFO] "GET /app/banner/list?key=mallName HTTP/1.0" 200 335
[2017-10-26 10:23:01,950] [INFO] "GET /app/shop/goods/category/all HTTP/1.0" 200 213
[2017-10-26 10:23:01,956] [WARNING] Not Found: /app/discounts/coupons
[2017-10-26 10:23:01,956] [WARNING] "GET /app/discounts/coupons?type= HTTP/1.0" 404 5439
[2017-10-26 10:23:02,032] [INFO] "GET /app/shop/goods/list?categoryId= HTTP/1.0" 200 1029
[2017-10-26 10:23:02,121] [INFO] code: 011YXuBX1UOzOV09fFBX1KOLBX1YXuBd
[2017-10-26 10:23:02,121] [INFO] ::https://api.weixin.qq.com/sns/jscode2session
[2017-10-26 10:23:02,122] [INFO] https://api.weixin.qq.com/sns/jscode2session?js_code=011YXuBX1UOzOV09fFBX1KOLBX1YXuBd&secret=fc6f380d593ed767a0e0c5d502521c41&grant_type=authorization_code&appid=wxa2532532adec3585
[2017-10-26 10:23:02,293] [INFO] {u'openid': u'oNXb00PmRdwTWrJ1LoBrLN5TAJAk', u'session_key': u'PBwhX/Ejf3iGSXY75dpySQ==', u'expires_in': 7200}
[2017-10-26 10:23:02,294] [INFO] {u'openid': u'oNXb00PmRdwTWrJ1LoBrLN5TAJAk', u'session_key': u'PBwhX/Ejf3iGSXY75dpySQ==', u'expires_in': 7200}
[2017-10-26 10:23:02,297] [INFO] "GET /app/user/wxapp/login?code=011YXuBX1UOzOV09fFBX1KOLBX1YXuBd HTTP/1.0" 200 311
[2017-10-26 10:23:06,923] [INFO] 1
[2017-10-26 10:23:06,925] [INFO] 2
[2017-10-26 10:23:06,926] [INFO] 3
[2017-10-26 10:23:06,926] [INFO] <app.address.AddressManager instance at 0x7f8fb2002ea8>
[2017-10-26 10:23:06,927] [ERROR] Internal Server Error: /app/user/shipping-address/list
Traceback (most recent call last):
  File "/usr/local/lib/python2.7/dist-packages/django/core/handlers/exception.py", line 41, in inner
    response = get_response(request)
  File "/usr/local/lib/python2.7/dist-packages/django/core/handlers/base.py", line 187, in _get_response
    response = self.process_exception_by_middleware(e, request)
  File "/usr/local/lib/python2.7/dist-packages/django/core/handlers/base.py", line 185, in _get_response
    response = wrapped_callback(request, *callback_args, **callback_kwargs)
  File "/home/leon/mall/app/views.py", line 320, in address_list
    return a.address_list()
TypeError: 'NoneType' object is not callable
[2017-10-26 10:23:07,014] [ERROR] "GET /app/user/shipping-address/list?token=eyJhbGciOiJIUzI1NiIsImV4cCI6MTUwOTAxNzI2OSwiaWF0IjoxNTA5MDEwMDY5fQ.eyJpYXQiOjE1MDkwMTAwNjkuNTc2NjM0LCJzZXNzaW9uX2tleSI6InpvdVhrMWtmTUVBMGltdWs3Wm92eWc9PSIsIm9wZW5faWQiOiJvTlhiMDBQbVJkd1RXckoxTG9CckxONVRBSkFrIn0.nhD0QsD0H2Ylbvvp5I4VB0DD6Oc0o0az4gLmGXiA0EY HTTP/1.0" 500 67101
[2017-10-26 10:24:07,021] [INFO] "GET /app/config/get-value?key=mallName HTTP/1.0" 200 220
[2017-10-26 10:24:07,354] [INFO] "GET /app/banner/list?key=mallName HTTP/1.0" 200 335
[2017-10-26 10:24:07,408] [INFO] "GET /app/shop/goods/category/all HTTP/1.0" 200 213
[2017-10-26 10:24:07,413] [WARNING] Not Found: /app/discounts/coupons
[2017-10-26 10:24:07,413] [WARNING] "GET /app/discounts/coupons?type= HTTP/1.0" 404 5439
[2017-10-26 10:24:07,490] [INFO] "GET /app/shop/goods/list?categoryId= HTTP/1.0" 200 1029
[2017-10-26 10:24:07,508] [INFO] code: 001tD6582kaoPP0ymu482lDi582tD65Y
[2017-10-26 10:24:07,509] [INFO] ::https://api.weixin.qq.com/sns/jscode2session
[2017-10-26 10:24:07,509] [INFO] https://api.weixin.qq.com/sns/jscode2session?js_code=001tD6582kaoPP0ymu482lDi582tD65Y&secret=fc6f380d593ed767a0e0c5d502521c41&grant_type=authorization_code&appid=wxa2532532adec3585
[2017-10-26 10:24:07,687] [INFO] {u'openid': u'oNXb00PmRdwTWrJ1LoBrLN5TAJAk', u'session_key': u'PBwhX/Ejf3iGSXY75dpySQ==', u'expires_in': 7200}
[2017-10-26 10:24:07,688] [INFO] {u'openid': u'oNXb00PmRdwTWrJ1LoBrLN5TAJAk', u'session_key': u'PBwhX/Ejf3iGSXY75dpySQ==', u'expires_in': 7200}
[2017-10-26 10:24:07,691] [INFO] "GET /app/user/wxapp/login?code=001tD6582kaoPP0ymu482lDi582tD65Y HTTP/1.0" 200 311
[2017-10-26 10:24:11,370] [INFO] 1
[2017-10-26 10:24:11,371] [INFO] 2
[2017-10-26 10:24:11,373] [INFO] 3
[2017-10-26 10:24:11,376] [INFO] "GET /app/user/shipping-address/list?token=eyJhbGciOiJIUzI1NiIsImV4cCI6MTUwOTAxNzI2OSwiaWF0IjoxNTA5MDEwMDY5fQ.eyJpYXQiOjE1MDkwMTAwNjkuNTc2NjM0LCJzZXNzaW9uX2tleSI6InpvdVhrMWtmTUVBMGltdWs3Wm92eWc9PSIsIm9wZW5faWQiOiJvTlhiMDBQbVJkd1RXckoxTG9CckxONVRBSkFrIn0.nhD0QsD0H2Ylbvvp5I4VB0DD6Oc0o0az4gLmGXiA0EY HTTP/1.0" 200 77
[2017-10-26 10:33:28,754] [INFO] "GET /app/config/get-value?key=mallName HTTP/1.0" 200 220
[2017-10-26 10:33:29,081] [INFO] "GET /app/banner/list?key=mallName HTTP/1.0" 200 335
[2017-10-26 10:33:29,118] [INFO] "GET /app/shop/goods/category/all HTTP/1.0" 200 213
[2017-10-26 10:33:29,128] [WARNING] Not Found: /app/discounts/coupons
[2017-10-26 10:33:29,128] [WARNING] "GET /app/discounts/coupons?type= HTTP/1.0" 404 5439
[2017-10-26 10:33:29,207] [INFO] "GET /app/shop/goods/list?categoryId= HTTP/1.0" 200 1029
[2017-10-26 10:33:29,313] [INFO] code: 001VJye32QF7GL00yRd32TqGe32VJyeG
[2017-10-26 10:33:29,313] [INFO] ::https://api.weixin.qq.com/sns/jscode2session
[2017-10-26 10:33:29,313] [INFO] https://api.weixin.qq.com/sns/jscode2session?js_code=001VJye32QF7GL00yRd32TqGe32VJyeG&secret=fc6f380d593ed767a0e0c5d502521c41&grant_type=authorization_code&appid=wxa2532532adec3585
[2017-10-26 10:33:29,494] [INFO] {u'openid': u'oNXb00PmRdwTWrJ1LoBrLN5TAJAk', u'session_key': u'sx7aTmV6MfMiOd0byQ7ZbQ==', u'expires_in': 7200}
[2017-10-26 10:33:29,494] [INFO] {u'openid': u'oNXb00PmRdwTWrJ1LoBrLN5TAJAk', u'session_key': u'sx7aTmV6MfMiOd0byQ7ZbQ==', u'expires_in': 7200}
[2017-10-26 10:33:29,497] [INFO] "GET /app/user/wxapp/login?code=001VJye32QF7GL00yRd32TqGe32VJyeG HTTP/1.0" 200 311
[2017-10-26 10:34:12,162] [INFO] "GET /app/shop/goods/detail?id=1 HTTP/1.0" 200 1018
[2017-10-26 10:34:18,834] [INFO] "GET /app/shop/goods/detail?id=1 HTTP/1.0" 200 1018
[2017-10-26 10:34:21,879] [INFO] "GET /app/shop/goods/detail?id=2 HTTP/1.0" 200 1172
[2017-10-26 10:34:36,439] [ERROR] Internal Server Error: /app/order/statistics
Traceback (most recent call last):
  File "/usr/local/lib/python2.7/dist-packages/django/core/handlers/exception.py", line 41, in inner
    response = get_response(request)
  File "/usr/local/lib/python2.7/dist-packages/django/core/handlers/base.py", line 187, in _get_response
    response = self.process_exception_by_middleware(e, request)
  File "/usr/local/lib/python2.7/dist-packages/django/core/handlers/base.py", line 185, in _get_response
    response = wrapped_callback(request, *callback_args, **callback_kwargs)
  File "/home/leon/mall/app/views.py", line 341, in order_statistics
    return OrderManager(request,sub_domain).order_statistics()
TypeError: object() takes no parameters
[2017-10-26 10:34:36,504] [ERROR] Internal Server Error: /app/order/list
Traceback (most recent call last):
  File "/usr/local/lib/python2.7/dist-packages/django/core/handlers/exception.py", line 41, in inner
    response = get_response(request)
  File "/usr/local/lib/python2.7/dist-packages/django/core/handlers/base.py", line 187, in _get_response
    response = self.process_exception_by_middleware(e, request)
  File "/usr/local/lib/python2.7/dist-packages/django/core/handlers/base.py", line 185, in _get_response
    response = wrapped_callback(request, *callback_args, **callback_kwargs)
  File "/home/leon/mall/app/views.py", line 333, in order_list
    return OrderManager(request,sub_domain).order_list()
TypeError: object() takes no parameters
[2017-10-26 10:34:36,568] [ERROR] "GET /app/order/statistics?token=eyJhbGciOiJIUzI1NiIsImV4cCI6MTUwOTAxNzI2OSwiaWF0IjoxNTA5MDEwMDY5fQ.eyJpYXQiOjE1MDkwMTAwNjkuNTc2NjM0LCJzZXNzaW9uX2tleSI6InpvdVhrMWtmTUVBMGltdWs3Wm92eWc9PSIsIm9wZW5faWQiOiJvTlhiMDBQbVJkd1RXckoxTG9CckxONVRBSkFrIn0.nhD0QsD0H2Ylbvvp5I4VB0DD6Oc0o0az4gLmGXiA0EY HTTP/1.0" 500 66111
[2017-10-26 10:34:36,656] [ERROR] "GET /app/order/list?token=eyJhbGciOiJIUzI1NiIsImV4cCI6MTUwOTAxNzI2OSwiaWF0IjoxNTA5MDEwMDY5fQ.eyJpYXQiOjE1MDkwMTAwNjkuNTc2NjM0LCJzZXNzaW9uX2tleSI6InpvdVhrMWtmTUVBMGltdWs3Wm92eWc9PSIsIm9wZW5faWQiOiJvTlhiMDBQbVJkd1RXckoxTG9CckxONVRBSkFrIn0.nhD0QsD0H2Ylbvvp5I4VB0DD6Oc0o0az4gLmGXiA0EY HTTP/1.0" 500 66687
[2017-10-26 10:34:40,603] [INFO] "GET /app/shop/goods/detail?id=1 HTTP/1.0" 200 1018
[2017-10-26 10:35:03,387] [INFO] "GET /app/shop/goods/detail?id=1 HTTP/1.0" 200 1018
[2017-10-26 10:35:11,352] [INFO] 1
[2017-10-26 10:35:11,353] [INFO] 2
[2017-10-26 10:35:11,354] [INFO] 3
[2017-10-26 10:35:11,357] [INFO] "GET /app/user/shipping-address/default?token=eyJhbGciOiJIUzI1NiIsImV4cCI6MTUwOTAxNzI2OSwiaWF0IjoxNTA5MDEwMDY5fQ.eyJpYXQiOjE1MDkwMTAwNjkuNTc2NjM0LCJzZXNzaW9uX2tleSI6InpvdVhrMWtmTUVBMGltdWs3Wm92eWc9PSIsIm9wZW5faWQiOiJvTlhiMDBQbVJkd1RXckoxTG9CckxONVRBSkFrIn0.nhD0QsD0H2Ylbvvp5I4VB0DD6Oc0o0az4gLmGXiA0EY HTTP/1.0" 200 77
[2017-10-26 10:35:53,554] [INFO] "GET /app/shop/goods/detail?id=1 HTTP/1.0" 200 1018
[2017-10-26 10:35:53,605] [INFO] "GET /app/shop/goods/detail?id=2 HTTP/1.0" 200 1172
[2017-10-26 10:35:53,852] [INFO] 1
[2017-10-26 10:35:53,853] [INFO] 2
[2017-10-26 10:35:53,854] [INFO] 3
[2017-10-26 10:35:53,857] [INFO] "GET /app/user/shipping-address/default?token=eyJhbGciOiJIUzI1NiIsImV4cCI6MTUwOTAxNzI2OSwiaWF0IjoxNTA5MDEwMDY5fQ.eyJpYXQiOjE1MDkwMTAwNjkuNTc2NjM0LCJzZXNzaW9uX2tleSI6InpvdVhrMWtmTUVBMGltdWs3Wm92eWc9PSIsIm9wZW5faWQiOiJvTlhiMDBQbVJkd1RXckoxTG9CckxONVRBSkFrIn0.nhD0QsD0H2Ylbvvp5I4VB0DD6Oc0o0az4gLmGXiA0EY HTTP/1.0" 200 77
[2017-10-26 11:42:08,734] [INFO] "GET /admin/ HTTP/1.0" 302 0
[2017-10-26 11:42:08,803] [INFO] "GET /admin/login/?next=/admin/ HTTP/1.0" 200 1650
[2017-10-26 11:42:08,919] [INFO] "GET /static/admin/css/login.css HTTP/1.0" 304 0
[2017-10-26 11:42:08,922] [INFO] "GET /static/admin/css/base.css HTTP/1.0" 304 0
[2017-10-26 11:42:09,007] [INFO] "GET /static/admin/css/fonts.css HTTP/1.0" 304 0
[2017-10-26 11:42:09,083] [INFO] "GET /static/admin/fonts/Roboto-Regular-webfont.woff HTTP/1.0" 304 0
[2017-10-26 11:42:09,113] [INFO] "GET /static/admin/fonts/Roboto-Light-webfont.woff HTTP/1.0" 304 0
[2017-10-26 11:42:14,368] [INFO] "POST /admin/login/?next=/admin/ HTTP/1.0" 302 0
[2017-10-26 11:42:14,442] [INFO] "GET /admin/ HTTP/1.0" 200 5785
[2017-10-26 11:42:14,551] [INFO] "GET /static/admin/css/dashboard.css HTTP/1.0" 304 0
[2017-10-26 11:42:14,645] [INFO] "GET /static/admin/fonts/Roboto-Bold-webfont.woff HTTP/1.0" 304 0
[2017-10-26 11:42:14,648] [INFO] "GET /static/admin/img/icon-addlink.svg HTTP/1.0" 304 0
[2017-10-26 11:42:14,695] [INFO] "GET /static/admin/img/icon-changelink.svg HTTP/1.0" 304 0
[2017-10-26 11:42:39,220] [INFO] "GET /admin/app/category/add/ HTTP/1.0" 200 5831
[2017-10-26 11:42:39,339] [INFO] "GET /static/admin/css/forms.css HTTP/1.0" 304 0
[2017-10-26 11:42:39,346] [INFO] "GET /admin/jsi18n/ HTTP/1.0" 200 3217
[2017-10-26 11:42:39,417] [INFO] "GET /static/admin/js/prepopulate.js HTTP/1.0" 304 0
[2017-10-26 11:42:39,418] [INFO] "GET /static/admin/js/urlify.js HTTP/1.0" 304 0
[2017-10-26 11:42:39,420] [INFO] "GET /static/admin/js/change_form.js HTTP/1.0" 304 0
[2017-10-26 11:42:39,421] [INFO] "GET /static/admin/js/core.js HTTP/1.0" 304 0
[2017-10-26 11:42:39,422] [INFO] "GET /static/admin/js/jquery.init.js HTTP/1.0" 304 0
[2017-10-26 11:42:39,428] [INFO] "GET /static/admin/css/widgets.css HTTP/1.0" 304 0
[2017-10-26 11:42:39,483] [INFO] "GET /static/admin/js/vendor/jquery/jquery.js HTTP/1.0" 304 0
[2017-10-26 11:42:39,484] [INFO] "GET /static/admin/js/admin/RelatedObjectLookups.js HTTP/1.0" 304 0
[2017-10-26 11:42:39,485] [INFO] "GET /static/admin/js/prepopulate_init.js HTTP/1.0" 304 0
[2017-10-26 11:42:39,487] [INFO] "GET /static/admin/js/vendor/xregexp/xregexp.js HTTP/1.0" 304 0
[2017-10-26 11:42:39,489] [INFO] "GET /static/admin/js/actions.js HTTP/1.0" 304 0
[2017-10-26 11:42:57,275] [INFO] "POST /admin/app/category/add/ HTTP/1.0" 302 0
[2017-10-26 11:42:57,377] [INFO] "GET /admin/app/category/ HTTP/1.0" 200 4374
[2017-10-26 11:42:57,481] [INFO] "GET /admin/jsi18n/ HTTP/1.0" 200 3217
[2017-10-26 11:42:57,512] [INFO] "GET /static/admin/css/changelists.css HTTP/1.0" 304 0
[2017-10-26 11:42:57,642] [INFO] "GET /static/admin/img/icon-yes.svg HTTP/1.0" 200 436
[2017-10-26 11:42:57,653] [INFO] "GET /static/admin/img/tooltag-add.svg HTTP/1.0" 304 0
[2017-10-26 11:42:59,836] [INFO] "GET /admin/app/ HTTP/1.0" 200 4562
[2017-10-26 11:43:05,309] [INFO] "GET /admin/app/appconfig/ HTTP/1.0" 200 3053
[2017-10-26 11:43:05,417] [INFO] "GET /admin/jsi18n/ HTTP/1.0" 200 3217
[2017-10-26 11:43:07,483] [INFO] "GET /admin/app/appconfig/add/ HTTP/1.0" 200 6329
[2017-10-26 11:43:07,583] [INFO] "GET /admin/jsi18n/ HTTP/1.0" 200 3217
[2017-10-26 11:44:00,905] [INFO] "POST /admin/app/appconfig/add/ HTTP/1.0" 302 0
[2017-10-26 11:44:01,027] [INFO] "GET /admin/app/appconfig/ HTTP/1.0" 200 4396
[2017-10-26 11:44:01,222] [INFO] "GET /admin/jsi18n/ HTTP/1.0" 200 3217
[2017-10-26 11:44:03,210] [INFO] "GET /admin/app/ HTTP/1.0" 200 4562
[2017-10-26 11:44:42,363] [INFO] "GET /admin/app/goods/ HTTP/1.0" 200 3020
[2017-10-26 11:44:42,460] [INFO] "GET /admin/jsi18n/ HTTP/1.0" 200 3217
[2017-10-26 11:44:45,242] [INFO] "GET /admin/app/goods/add/ HTTP/1.0" 200 10589
[2017-10-26 11:44:45,365] [INFO] "GET /admin/jsi18n/ HTTP/1.0" 200 3217
[2017-10-26 11:46:18,673] [INFO] "POST /admin/app/goods/add/ HTTP/1.0" 302 0
[2017-10-26 11:46:18,789] [INFO] "GET /admin/app/goods/ HTTP/1.0" 200 4332
[2017-10-26 11:46:18,915] [INFO] "GET /admin/jsi18n/ HTTP/1.0" 200 3217
[2017-10-26 11:46:20,795] [INFO] "GET /admin/app/goods/add/ HTTP/1.0" 200 10589
[2017-10-26 11:46:20,895] [INFO] "GET /admin/jsi18n/ HTTP/1.0" 200 3217
[2017-10-26 11:47:01,102] [INFO] "POST /admin/app/goods/add/ HTTP/1.0" 302 0
[2017-10-26 11:47:01,213] [INFO] "GET /admin/app/goods/ HTTP/1.0" 200 4556
[2017-10-26 11:47:01,334] [INFO] "GET /admin/jsi18n/ HTTP/1.0" 200 3217
[2017-10-26 11:47:09,563] [INFO] "GET /admin/app/goods/add/ HTTP/1.0" 200 10589
[2017-10-26 11:47:11,564] [INFO] "GET /admin/app/goods/ HTTP/1.0" 200 4375
[2017-10-26 11:47:13,625] [INFO] "GET /admin/app/goods/add/ HTTP/1.0" 200 10589
[2017-10-26 11:47:15,736] [INFO] "GET /admin/app/ HTTP/1.0" 200 4562
[2017-10-26 11:47:18,585] [INFO] "GET /admin/app/banner/ HTTP/1.0" 200 3027
[2017-10-26 11:47:18,692] [INFO] "GET /admin/jsi18n/ HTTP/1.0" 200 3217
[2017-10-26 11:47:21,465] [INFO] "GET /admin/app/banner/add/ HTTP/1.0" 200 7439
[2017-10-26 11:47:21,576] [INFO] "GET /admin/jsi18n/ HTTP/1.0" 200 3217
[2017-10-26 11:47:51,774] [INFO] "POST /admin/app/banner/add/ HTTP/1.0" 302 0
[2017-10-26 11:47:51,873] [INFO] "GET /admin/app/banner/ HTTP/1.0" 200 4346
[2017-10-26 11:47:51,981] [INFO] "GET /admin/jsi18n/ HTTP/1.0" 200 3217
[2017-10-26 11:47:53,751] [INFO] "GET /admin/app/banner/add/ HTTP/1.0" 200 7439
[2017-10-26 11:47:53,894] [INFO] "GET /admin/jsi18n/ HTTP/1.0" 200 3217
[2017-10-26 11:48:14,749] [INFO] "POST /admin/app/banner/add/ HTTP/1.0" 302 0
[2017-10-26 11:48:14,866] [INFO] "GET /admin/app/banner/ HTTP/1.0" 200 4572
[2017-10-26 11:48:14,985] [INFO] "GET /admin/jsi18n/ HTTP/1.0" 200 3217
[2017-10-26 11:48:17,342] [INFO] "GET /admin/app/ HTTP/1.0" 200 4562
[2017-10-26 11:48:18,841] [INFO] "GET /admin/app/picture/ HTTP/1.0" 200 3034
[2017-10-26 11:48:18,963] [INFO] "GET /admin/jsi18n/ HTTP/1.0" 200 3217
[2017-10-26 11:48:20,617] [INFO] "GET /admin/app/ HTTP/1.0" 200 4562
[2017-10-26 11:51:27,412] [INFO] 1
[2017-10-26 11:51:27,414] [ERROR] Internal Server Error: /app/user/shipping-address/list
Traceback (most recent call last):
  File "/usr/local/lib/python2.7/dist-packages/django/core/handlers/exception.py", line 41, in inner
    response = get_response(request)
  File "/usr/local/lib/python2.7/dist-packages/django/core/handlers/base.py", line 187, in _get_response
    response = self.process_exception_by_middleware(e, request)
  File "/usr/local/lib/python2.7/dist-packages/django/core/handlers/base.py", line 185, in _get_response
    response = wrapped_callback(request, *callback_args, **callback_kwargs)
  File "/home/leon/mall/app/views.py", line 318, in address_list
    a = AddressManager(request,sub_domain)
  File "/home/leon/mall/app/address.py", line 31, in __init__
    accesstoken = AccessToken.objects.get(token=token)
  File "/usr/local/lib/python2.7/dist-packages/django/db/models/manager.py", line 85, in manager_method
    return getattr(self.get_queryset(), name)(*args, **kwargs)
  File "/usr/local/lib/python2.7/dist-packages/django/db/models/query.py", line 380, in get
    self.model._meta.object_name
DoesNotExist: AccessToken matching query does not exist.
[2017-10-26 11:51:27,540] [ERROR] "GET /app/user/shipping-address/list?token=eyJhbGciOiJIUzI1NiIsImV4cCI6MTUwOTAxNzI2OSwiaWF0IjoxNTA5MDEwMDY5fQ.eyJpYXQiOjE1MDkwMTAwNjkuNTc2NjM0LCJzZXNzaW9uX2tleSI6InpvdVhrMWtmTUVBMGltdWs3Wm92eWc9PSIsIm9wZW5faWQiOiJvTlhiMDBQbVJkd1RXckoxTG9CckxONVRBSkFrIn0.nhD0QsD0H2Ylbvvp5I4VB0DD6Oc0o0az4gLmGXiA0EY HTTP/1.0" 500 81481
[2017-10-26 11:55:44,927] [INFO] 1
[2017-10-26 11:55:44,928] [INFO] 2
[2017-10-26 11:55:44,929] [INFO] 3
[2017-10-26 11:55:44,931] [INFO] "GET /app/user/shipping-address/list?token=eyJhbGciOiJIUzI1NiIsImV4cCI6MTUwOTAxNzI2OSwiaWF0IjoxNTA5MDEwMDY5fQ.eyJpYXQiOjE1MDkwMTAwNjkuNTc2NjM0LCJzZXNzaW9uX2tleSI6InpvdVhrMWtmTUVBMGltdWs3Wm92eWc9PSIsIm9wZW5faWQiOiJvTlhiMDBQbVJkd1RXckoxTG9CckxONVRBSkFrIn0.nhD0QsD0H2Ylbvvp5I4VB0DD6Oc0o0az4gLmGXiA0EY HTTP/1.0" 200 41
[2017-10-26 11:56:57,808] [INFO] 1
[2017-10-26 11:56:57,809] [INFO] 2
[2017-10-26 11:56:57,810] [INFO] 3
[2017-10-26 11:56:57,811] [INFO] "GET /app/user/shipping-address/add?token=eyJhbGciOiJIUzI1NiIsImV4cCI6MTUwOTAxNzI2OSwiaWF0IjoxNTA5MDEwMDY5fQ.eyJpYXQiOjE1MDkwMTAwNjkuNTc2NjM0LCJzZXNzaW9uX2tleSI6InpvdVhrMWtmTUVBMGltdWs3Wm92eWc9PSIsIm9wZW5faWQiOiJvTlhiMDBQbVJkd1RXckoxTG9CckxONVRBSkFrIn0.nhD0QsD0H2Ylbvvp5I4VB0DD6Oc0o0az4gLmGXiA0EY&id=0&provinceId=110000&cityId=110102&districtId=&linkMan=asdasd&address=asdasd&mobile=13512151333&code=asdas&isDefault=true HTTP/1.0" 200 130
[2017-10-26 11:59:48,978] [INFO] 1
[2017-10-26 11:59:48,979] [INFO] 2
[2017-10-26 11:59:48,981] [INFO] 3
[2017-10-26 11:59:48,984] [ERROR] Internal Server Error: /app/user/shipping-address/add
Traceback (most recent call last):
  File "/usr/local/lib/python2.7/dist-packages/django/core/handlers/exception.py", line 41, in inner
    response = get_response(request)
  File "/usr/local/lib/python2.7/dist-packages/django/core/handlers/base.py", line 187, in _get_response
    response = self.process_exception_by_middleware(e, request)
  File "/usr/local/lib/python2.7/dist-packages/django/core/handlers/base.py", line 185, in _get_response
    response = wrapped_callback(request, *callback_args, **callback_kwargs)
  File "/home/leon/mall/app/views.py", line 321, in address_add
    return AddressManager(request,sub_domain).address_add()
  File "/home/leon/mall/app/address.py", line 21, in _wrap
    return HttpResponse(json.dumps({'code': -1, 'msg': error_code[-1], 'data': e.message}))
  File "/usr/lib/python2.7/json/__init__.py", line 244, in dumps
    return _default_encoder.encode(obj)
  File "/usr/lib/python2.7/json/encoder.py", line 207, in encode
    chunks = self.iterencode(o, _one_shot=True)
  File "/usr/lib/python2.7/json/encoder.py", line 270, in iterencode
    return _iterencode(o, 0)
  File "/usr/lib/python2.7/json/encoder.py", line 184, in default
    raise TypeError(repr(o) + " is not JSON serializable")
TypeError: u"'%(value)s' value must be either True or False." is not JSON serializable
[2017-10-26 11:59:49,132] [ERROR] "GET /app/user/shipping-address/add?token=eyJhbGciOiJIUzI1NiIsImV4cCI6MTUwOTAxNzI2OSwiaWF0IjoxNTA5MDEwMDY5fQ.eyJpYXQiOjE1MDkwMTAwNjkuNTc2NjM0LCJzZXNzaW9uX2tleSI6InpvdVhrMWtmTUVBMGltdWs3Wm92eWc9PSIsIm9wZW5faWQiOiJvTlhiMDBQbVJkd1RXckoxTG9CckxONVRBSkFrIn0.nhD0QsD0H2Ylbvvp5I4VB0DD6Oc0o0az4gLmGXiA0EY&id=0&provinceId=110000&cityId=110102&districtId=&linkMan=asdasd&address=asdasd&mobile=13512151333&code=asdas&isDefault=true HTTP/1.0" 500 93574
[2017-10-26 12:00:03,318] [INFO] 1
[2017-10-26 12:00:03,320] [INFO] 2
[2017-10-26 12:00:03,321] [INFO] 3
[2017-10-26 12:00:03,324] [ERROR] Internal Server Error: /app/user/shipping-address/add
Traceback (most recent call last):
  File "/usr/local/lib/python2.7/dist-packages/django/core/handlers/exception.py", line 41, in inner
    response = get_response(request)
  File "/usr/local/lib/python2.7/dist-packages/django/core/handlers/base.py", line 187, in _get_response
    response = self.process_exception_by_middleware(e, request)
  File "/usr/local/lib/python2.7/dist-packages/django/core/handlers/base.py", line 185, in _get_response
    response = wrapped_callback(request, *callback_args, **callback_kwargs)
  File "/home/leon/mall/app/views.py", line 321, in address_add
    return AddressManager(request,sub_domain).address_add()
  File "/home/leon/mall/app/address.py", line 21, in _wrap
    return HttpResponse(json.dumps({'code': -1, 'msg': error_code[-1], 'data': e.message}))
  File "/usr/lib/python2.7/json/__init__.py", line 244, in dumps
    return _default_encoder.encode(obj)
  File "/usr/lib/python2.7/json/encoder.py", line 207, in encode
    chunks = self.iterencode(o, _one_shot=True)
  File "/usr/lib/python2.7/json/encoder.py", line 270, in iterencode
    return _iterencode(o, 0)
  File "/usr/lib/python2.7/json/encoder.py", line 184, in default
    raise TypeError(repr(o) + " is not JSON serializable")
TypeError: u"'%(value)s' value must be either True or False." is not JSON serializable
[2017-10-26 12:00:03,449] [ERROR] "GET /app/user/shipping-address/add?token=eyJhbGciOiJIUzI1NiIsImV4cCI6MTUwOTAxNzI2OSwiaWF0IjoxNTA5MDEwMDY5fQ.eyJpYXQiOjE1MDkwMTAwNjkuNTc2NjM0LCJzZXNzaW9uX2tleSI6InpvdVhrMWtmTUVBMGltdWs3Wm92eWc9PSIsIm9wZW5faWQiOiJvTlhiMDBQbVJkd1RXckoxTG9CckxONVRBSkFrIn0.nhD0QsD0H2Ylbvvp5I4VB0DD6Oc0o0az4gLmGXiA0EY&id=0&provinceId=110000&cityId=110102&districtId=&linkMan=asdasd&address=asdasd&mobile=13512151333&code=asdas&isDefault=true HTTP/1.0" 500 93574
[2017-10-26 12:08:08,503] [INFO] 1
[2017-10-26 12:08:08,505] [INFO] 2
[2017-10-26 12:08:08,506] [INFO] 3
[2017-10-26 12:08:08,510] [INFO] "GET /app/user/shipping-address/add?token=eyJhbGciOiJIUzI1NiIsImV4cCI6MTUwOTAxNzI2OSwiaWF0IjoxNTA5MDEwMDY5fQ.eyJpYXQiOjE1MDkwMTAwNjkuNTc2NjM0LCJzZXNzaW9uX2tleSI6InpvdVhrMWtmTUVBMGltdWs3Wm92eWc9PSIsIm9wZW5faWQiOiJvTlhiMDBQbVJkd1RXckoxTG9CckxONVRBSkFrIn0.nhD0QsD0H2Ylbvvp5I4VB0DD6Oc0o0az4gLmGXiA0EY&id=0&provinceId=110000&cityId=110102&districtId=&linkMan=asdasd&address=asdasd&mobile=13512151333&code=asdas&isDefault=true HTTP/1.0" 200 7
[2017-10-26 12:12:29,810] [INFO] "GET /admin/app/address/ HTTP/1.0" 200 4173
[2017-10-26 12:12:29,931] [INFO] "GET /admin/jsi18n/ HTTP/1.0" 200 3217
[2017-10-26 12:12:31,532] [INFO] "GET /admin/app/address/1/change/ HTTP/1.0" 200 10250
[2017-10-26 12:12:31,649] [INFO] "GET /static/admin/js/admin/DateTimeShortcuts.js HTTP/1.0" 200 20529
[2017-10-26 12:12:31,649] [INFO] "GET /static/admin/js/calendar.js HTTP/1.0" 200 7790
[2017-10-26 12:12:31,722] [INFO] "GET /admin/jsi18n/ HTTP/1.0" 200 3217
[2017-10-26 12:12:31,973] [INFO] "GET /static/admin/img/icon-calendar.svg HTTP/1.0" 200 1086
[2017-10-26 20:15:08,050] [INFO] "GET /admin/app/address/1/change/ HTTP/1.0" 200 10254
[2017-10-26 20:15:08,180] [INFO] "GET /admin/jsi18n/ HTTP/1.0" 200 3217
[2017-10-26 20:15:33,226] [INFO] "GET /app/user/shipping-address/add?token=eyJhbGciOiJIUzI1NiIsImV4cCI6MTUwOTAxNzI2OSwiaWF0IjoxNTA5MDEwMDY5fQ.eyJpYXQiOjE1MDkwMTAwNjkuNTc2NjM0LCJzZXNzaW9uX2tleSI6InpvdVhrMWtmTUVBMGltdWs3Wm92eWc9PSIsIm9wZW5faWQiOiJvTlhiMDBQbVJkd1RXckoxTG9CckxONVRBSkFrIn0.nhD0QsD0H2Ylbvvp5I4VB0DD6Oc0o0az4gLmGXiA0EY&id=0&provinceId=110000&cityId=110102&districtId=&linkMan=asdasd&address=asdasd&mobile=13512151333&code=asdas&isDefault=true HTTP/1.0" 200 29
[2017-10-26 20:15:37,268] [INFO] "GET /admin/app/address/ HTTP/1.0" 200 4405
[2017-10-26 20:15:37,612] [INFO] "GET /admin/jsi18n/ HTTP/1.0" 200 3217
[2017-10-26 20:15:38,941] [INFO] "GET /admin/app/address/1/change/ HTTP/1.0" 200 10254
[2017-10-26 20:15:39,214] [INFO] "GET /admin/jsi18n/ HTTP/1.0" 200 3217
[2017-10-26 20:17:34,966] [INFO] "GET /app/user/shipping-address/update?token=eyJhbGciOiJIUzI1NiIsImV4cCI6MTUwOTAxNzI2OSwiaWF0IjoxNTA5MDEwMDY5fQ.eyJpYXQiOjE1MDkwMTAwNjkuNTc2NjM0LCJzZXNzaW9uX2tleSI6InpvdVhrMWtmTUVBMGltdWs3Wm92eWc9PSIsIm9wZW5faWQiOiJvTlhiMDBQbVJkd1RXckoxTG9CckxONVRBSkFrIn0.nhD0QsD0H2Ylbvvp5I4VB0DD6Oc0o0az4gLmGXiA0EY&id=0&provinceId=110000&cityId=110102&districtId=&linkMan=asdasd&address=fffff&mobile=13512151333&code=asdas&isDefault=true&id=2 HTTP/1.0" 200 29
[2017-10-26 20:17:48,883] [INFO] "GET /admin/app/address/1/change/ HTTP/1.0" 200 10254
[2017-10-26 20:17:48,981] [INFO] "GET /admin/jsi18n/ HTTP/1.0" 200 3217
[2017-10-26 20:17:50,416] [INFO] "GET /admin/app/address/1/change/ HTTP/1.0" 200 10254
[2017-10-26 20:17:50,516] [INFO] "GET /admin/jsi18n/ HTTP/1.0" 200 3217
[2017-10-26 20:17:51,509] [INFO] "GET /admin/app/address/ HTTP/1.0" 200 4405
[2017-10-26 20:17:51,598] [INFO] "GET /admin/jsi18n/ HTTP/1.0" 200 3217
[2017-10-26 20:17:52,776] [INFO] "GET /admin/app/address/1/change/ HTTP/1.0" 200 10254
[2017-10-26 20:17:52,913] [INFO] "GET /admin/jsi18n/ HTTP/1.0" 200 3217
[2017-10-26 20:17:54,654] [INFO] "GET /admin/app/address/ HTTP/1.0" 200 4405
[2017-10-26 20:17:54,804] [INFO] "GET /admin/jsi18n/ HTTP/1.0" 200 3217
[2017-10-26 20:17:55,806] [INFO] "GET /admin/app/address/2/change/ HTTP/1.0" 200 10253
[2017-10-26 20:17:55,922] [INFO] "GET /admin/jsi18n/ HTTP/1.0" 200 3217
[2017-10-26 20:17:58,171] [INFO] "GET /admin/app/address/2/change/ HTTP/1.0" 200 10253
[2017-10-26 20:17:58,462] [INFO] "GET /admin/jsi18n/ HTTP/1.0" 200 3217
